Log file open, 02/27/19 19:46:43
LogWindows: Failed to load 'aqProf.dll' (GetLastError=126)
LogWindows: File 'aqProf.dll' does not exist
LogWindows: Failed to load 'VtuneApi.dll' (GetLastError=126)
LogWindows: File 'VtuneApi.dll' does not exist
LogWindows: Failed to load 'VtuneApi32e.dll' (GetLastError=126)
LogWindows: File 'VtuneApi32e.dll' does not exist
LogConsoleResponse: Display: Failed to find resolution value strings in scalability ini. Falling back to default.
LogInit: Display: Running engine for game: Prototyping_sleep
LogPakFile: Registered encryption key '00000000000000000000000000000000': 0 pak files mounted, 0 remain pending
LogPlatformFile: Not using cached read wrapper
LogTaskGraph: Started task graph with 5 named threads and 23 total threads with 3 sets of task threads.
LogStats: Stats thread started at 0.434082
LogD3D11RHI: Loaded GFSDK_Aftermath_Lib.x64.dll
LogICUInternationalization: ICU TimeZone Detection - Raw Offset: -5:00, Platform Override: ''
LogPluginManager: Mounting plugin Paper2D
LogPluginManager: Mounting plugin AISupport
LogPluginManager: Mounting plugin LightPropagationVolume
LogPluginManager: Mounting plugin ActorLayerUtilities
LogPluginManager: Mounting plugin CLionSourceCodeAccess
LogPluginManager: Mounting plugin CodeLiteSourceCodeAccess
LogPluginManager: Mounting plugin GitSourceControl
LogPluginManager: Mounting plugin KDevelopSourceCodeAccess
LogPluginManager: Mounting plugin NullSourceCodeAccess
LogPluginManager: Mounting plugin PerforceSourceControl
LogPluginManager: Mounting plugin SubversionSourceControl
LogPluginManager: Mounting plugin UObjectPlugin
LogPluginManager: Mounting plugin VisualStudioCodeSourceCodeAccess
LogPluginManager: Mounting plugin VisualStudioSourceCodeAccess
LogPluginManager: Mounting plugin XCodeSourceCodeAccess
LogPluginManager: Mounting plugin AssetManagerEditor
LogPluginManager: Mounting plugin CryptoKeys
LogPluginManager: Mounting plugin DataValidation
LogPluginManager: Mounting plugin FacialAnimation
LogPluginManager: Mounting plugin GameplayTagsEditor
LogPluginManager: Mounting plugin MacGraphicsSwitching
LogPluginManager: Mounting plugin MeshEditor
LogPluginManager: Mounting plugin MobileLauncherProfileWizard
LogPluginManager: Mounting plugin PluginBrowser
LogPluginManager: Mounting plugin SpeedTreeImporter
LogPluginManager: Mounting plugin DatasmithContent
LogPluginManager: Mounting plugin VariantManagerContent
LogPluginManager: Mounting plugin AlembicImporter
LogPluginManager: Mounting plugin AppleImageUtils
LogPluginManager: Mounting plugin AppleVision
LogPluginManager: Mounting plugin BackChannel
LogPluginManager: Mounting plugin CharacterAI
LogPluginManager: Mounting plugin GeometryCache
LogPluginManager: Mounting plugin HTML5Networking
LogPluginManager: Mounting plugin ProxyLODPlugin
LogPluginManager: Mounting plugin MagicLeap
LogPluginManager: Mounting plugin MagicLeapMedia
LogPluginManager: Mounting plugin AndroidMedia
LogPluginManager: Mounting plugin AvfMedia
LogPluginManager: Mounting plugin ImgMedia
LogPluginManager: Mounting plugin LinearTimecode
LogPluginManager: Mounting plugin MediaCompositing
LogPluginManager: Mounting plugin MediaPlayerEditor
LogPluginManager: Mounting plugin WebMMedia
LogPluginManager: Mounting plugin WmfMedia
LogPluginManager: Mounting plugin TcpMessaging
LogPluginManager: Mounting plugin UdpMessaging
LogPluginManager: Mounting plugin ActorSequence
LogPluginManager: Mounting plugin LevelSequenceEditor
LogPluginManager: Mounting plugin MatineeToLevelSequence
LogPluginManager: Mounting plugin NetcodeUnitTest
LogPluginManager: Mounting plugin NUTUnrealEngine4
LogPluginManager: Mounting plugin OnlineSubsystemGooglePlay
LogPluginManager: Mounting plugin OnlineSubsystemIOS
LogPluginManager: Mounting plugin OnlineSubsystem
LogPluginManager: Mounting plugin OnlineSubsystemNull
LogPluginManager: Mounting plugin OnlineSubsystemUtils
LogPluginManager: Mounting plugin LauncherChunkInstaller
LogPluginManager: Mounting plugin AndroidDeviceProfileSelector
LogPluginManager: Mounting plugin AndroidMoviePlayer
LogPluginManager: Mounting plugin AndroidPermission
LogPluginManager: Mounting plugin AppleMoviePlayer
LogPluginManager: Mounting plugin ArchVisCharacter
LogPluginManager: Mounting plugin AudioCapture
LogPluginManager: Mounting plugin CableComponent
LogPluginManager: Mounting plugin CustomMeshComponent
LogPluginManager: Mounting plugin EditableMesh
LogPluginManager: Mounting plugin ExampleDeviceProfileSelector
LogPluginManager: Mounting plugin Firebase
LogPluginManager: Mounting plugin GoogleCloudMessaging
LogPluginManager: Mounting plugin IOSDeviceProfileSelector
LogPluginManager: Mounting plugin LinuxDeviceProfileSelector
LogPluginManager: Mounting plugin LocationServicesBPLibrary
LogPluginManager: Mounting plugin MobilePatchingUtils
LogPluginManager: Mounting plugin OculusVR
LogPluginManager: Mounting plugin PhysXVehicles
LogPluginManager: Mounting plugin ProceduralMeshComponent
LogPluginManager: Mounting plugin RuntimePhysXCooking
LogPluginManager: Mounting plugin SteamVR
LogPluginManager: Mounting plugin WebMMoviePlayer
LogPluginManager: Mounting plugin WindowsMoviePlayer
LogStreaming: Display: Took  0.815s to configure plugins.
LogInit: Using libcurl 7.55.1-DEV
LogInit:  - built for x86_64-pc-win32
LogInit:  - supports SSL with OpenSSL/1.0.2h
LogInit:  - supports HTTP deflate (compression) using libz 1.2.8
LogInit:  - other features:
LogInit:      CURL_VERSION_SSL
LogInit:      CURL_VERSION_LIBZ
LogInit:      CURL_VERSION_IPV6
LogInit:      CURL_VERSION_ASYNCHDNS
LogInit:      CURL_VERSION_LARGEFILE
LogInit:      CURL_VERSION_IDN
LogInit:  CurlRequestOptions (configurable via config and command line):
LogInit:  - bVerifyPeer = true  - Libcurl will verify peer certificate
LogInit:  - bUseHttpProxy = false  - Libcurl will NOT use HTTP proxy
LogInit:  - bDontReuseConnections = false  - Libcurl will reuse connections
LogInit:  - MaxHostConnections = 16  - Libcurl will limit the number of connections to a host
LogInit:  - LocalHostAddr = Default
LogInit:  - BufferSize = 65536
LogInit: WinSock: version 1.1 (2.2), MaxSocks=32767, MaxUdp=65467
LogInit: Build: ++UE4+Release-4.21-CL-4753647
LogInit: Engine Version: 4.21.2-4753647+++UE4+Release-4.21
LogInit: Compatible Engine Version: 4.21.0-4541578+++UE4+Release-4.21
LogInit: Net CL: 4541578
LogInit: OS: Windows 10 (), CPU:         Intel(R) Core(TM) i7-3770 CPU @ 3.40GHz, GPU: NVIDIA GeForce GTX 1050 Ti
LogInit: Compiled (64-bit): Jan 19 2019 02:07:31
LogInit: Compiled with Visual C++: 19.13.26129.00
LogInit: Build Configuration: Development
LogInit: Branch Name: ++UE4+Release-4.21
LogInit: Command Line: 
LogInit: Base Directory: E:/Epic Games/UE_4.21/Engine/Binaries/Win64/
LogInit: Installed Engine Build: 1
LogDevObjectVersion: Number of dev versions registered: 22
LogDevObjectVersion:   Dev-Blueprints (B0D832E4-1F89-4F0D-ACCF-7EB736FD4AA2): 10
LogDevObjectVersion:   Dev-Build (E1C64328-A22C-4D53-A36C-8E866417BD8C): 0
LogDevObjectVersion:   Dev-Core (375EC13C-06E4-48FB-B500-84F0262A717E): 2
LogDevObjectVersion:   Dev-Editor (E4B068ED-F494-42E9-A231-DA0B2E46BB41): 26
LogDevObjectVersion:   Dev-Framework (CFFC743F-43B0-4480-9391-14DF171D2073): 34
LogDevObjectVersion:   Dev-Mobile (B02B49B5-BB20-44E9-A304-32B752E40360): 2
LogDevObjectVersion:   Dev-Networking (A4E4105C-59A1-49B5-A7C5-40C4547EDFEE): 0
LogDevObjectVersion:   Dev-Online (39C831C9-5AE6-47DC-9A44-9C173E1C8E7C): 0
LogDevObjectVersion:   Dev-Physics (78F01B33-EBEA-4F98-B9B4-84EACCB95AA2): 0
LogDevObjectVersion:   Dev-Platform (6631380F-2D4D-43E0-8009-CF276956A95A): 0
LogDevObjectVersion:   Dev-Rendering (12F88B9F-8875-4AFC-A67C-D90C383ABD29): 27
LogDevObjectVersion:   Dev-Sequencer (7B5AE74C-D270-4C10-A958-57980B212A5A): 9
LogDevObjectVersion:   Dev-VR (D7296918-1DD6-4BDD-9DE2-64A83CC13884): 2
LogDevObjectVersion:   Dev-LoadTimes (C2A15278-BFE7-4AFE-6C17-90FF531DF755): 1
LogDevObjectVersion:   Private-Geometry (6EACA3D4-40EC-4CC1-B786-8BED09428FC5): 3
LogDevObjectVersion:   Dev-AnimPhys (29E575DD-E0A3-4627-9D10-D276232CDCEA): 17
LogDevObjectVersion:   Dev-Anim (AF43A65D-7FD3-4947-9873-3E8ED9C1BB05): 2
LogDevObjectVersion:   Dev-ReflectionCapture (6B266CEC-1EC7-4B8F-A30B-E4D90942FC07): 1
LogDevObjectVersion:   Dev-Automation (0DF73D61-A23F-47EA-B727-89E90C41499A): 1
LogDevObjectVersion:   FortniteMain (601D1886-AC64-4F84-AA16-D3DE0DEAC7D6): 17
LogDevObjectVersion:   Dev-Enterprise (9DFFBCD6-494F-0158-E221-12823C92A888): 4
LogDevObjectVersion:   Dev-Niagara (F2AED0AC-9AFE-416F-8664-AA7FFA26D6FC): 1
LogStreaming: Display: Took  0.015s to delete old logs.
LogInit: Presizing for max 8388607 objects, including 0 objects not considered by GC, pre-allocating 0 bytes for permanent pool.
LogInit: Object subsystem initialized
LogConfig: Setting CVar [[con.DebugEarlyDefault:1]]
LogConfig: Setting CVar [[r.setres:1280x720]]
[2019.02.28-00.46.44:938][  0]LogConfig: Setting CVar [[r.VSync:0]]
[2019.02.28-00.46.44:938][  0]LogConfig: Setting CVar [[r.RHICmdBypass:0]]
[2019.02.28-00.46.44:938][  0]LogConfig: Applying CVar settings from Section [/Script/Engine.RendererSettings] File [E:/Unreal Projects/Prototyping_sleep/Saved/Config/Windows/Engine.ini]
[2019.02.28-00.46.44:938][  0]LogConfig: Setting CVar [[r.GPUCrashDebugging:0]]
[2019.02.28-00.46.44:938][  0]LogConfig: Applying CVar settings from Section [/Script/Engine.RendererOverrideSettings] File [E:/Unreal Projects/Prototyping_sleep/Saved/Config/Windows/Engine.ini]
[2019.02.28-00.46.44:938][  0]LogConfig: Applying CVar settings from Section [/Script/Engine.StreamingSettings] File [E:/Unreal Projects/Prototyping_sleep/Saved/Config/Windows/Engine.ini]
[2019.02.28-00.46.44:938][  0]LogConfig: Setting CVar [[s.MinBulkDataSizeForAsyncLoading:131072]]
[2019.02.28-00.46.44:938][  0]LogConfig: Setting CVar [[s.AsyncLoadingThreadEnabled:0]]
[2019.02.28-00.46.44:938][  0]LogConfig: Setting CVar [[s.EventDrivenLoaderEnabled:1]]
[2019.02.28-00.46.44:938][  0]LogConfig: Setting CVar [[s.WarnIfTimeLimitExceeded:0]]
[2019.02.28-00.46.44:938][  0]LogConfig: Setting CVar [[s.TimeLimitExceededMultiplier:1.5]]
[2019.02.28-00.46.44:938][  0]LogConfig: Setting CVar [[s.TimeLimitExceededMinTime:0.005]]
[2019.02.28-00.46.44:938][  0]LogConfig: Setting CVar [[s.UseBackgroundLevelStreaming:1]]
[2019.02.28-00.46.44:938][  0]LogConfig: Setting CVar [[s.PriorityAsyncLoadingExtraTime:15.0]]
[2019.02.28-00.46.44:938][  0]LogConfig: Setting CVar [[s.LevelStreamingActorsUpdateTimeLimit:5.0]]
[2019.02.28-00.46.44:938][  0]LogConfig: Setting CVar [[s.PriorityLevelStreamingActorsUpdateExtraTime:5.0]]
[2019.02.28-00.46.44:938][  0]LogConfig: Setting CVar [[s.LevelStreamingComponentsRegistrationGranularity:10]]
[2019.02.28-00.46.44:938][  0]LogConfig: Setting CVar [[s.UnregisterComponentsTimeLimit:1.0]]
[2019.02.28-00.46.44:938][  0]LogConfig: Setting CVar [[s.LevelStreamingComponentsUnregistrationGranularity:5]]
[2019.02.28-00.46.44:938][  0]LogConfig: Applying CVar settings from Section [/Script/Engine.GarbageCollectionSettings] File [E:/Unreal Projects/Prototyping_sleep/Saved/Config/Windows/Engine.ini]
[2019.02.28-00.46.44:938][  0]LogConfig: Setting CVar [[gc.MaxObjectsNotConsideredByGC:1]]
[2019.02.28-00.46.44:938][  0]LogConfig: Setting CVar [[gc.SizeOfPermanentObjectPool:0]]
[2019.02.28-00.46.44:938][  0]LogConfig: Setting CVar [[gc.FlushStreamingOnGC:0]]
[2019.02.28-00.46.44:938][  0]LogConfig: Setting CVar [[gc.NumRetriesBeforeForcingGC:10]]
[2019.02.28-00.46.44:938][  0]LogConfig: Setting CVar [[gc.AllowParallelGC:1]]
[2019.02.28-00.46.44:938][  0]LogConfig: Setting CVar [[gc.TimeBetweenPurgingPendingKillObjects:61.1]]
[2019.02.28-00.46.44:938][  0]LogConfig: Setting CVar [[gc.MaxObjectsInEditor:8388607]]
[2019.02.28-00.46.44:938][  0]LogConfig: Setting CVar [[gc.IncrementalBeginDestroyEnabled:1]]
[2019.02.28-00.46.44:938][  0]LogConfig: Setting CVar [[gc.CreateGCClusters:1]]
[2019.02.28-00.46.44:938][  0]LogConfig: Setting CVar [[gc.MergeGCClusters:0]]
[2019.02.28-00.46.44:938][  0]LogConfig: Setting CVar [[gc.MinGCClusterSize:5]]
[2019.02.28-00.46.44:938][  0]LogConfig: Setting CVar [[gc.ActorClusteringEnabled:0]]
[2019.02.28-00.46.44:939][  0]LogConfig: Setting CVar [[gc.BlueprintClusteringEnabled:0]]
[2019.02.28-00.46.44:939][  0]LogConfig: Setting CVar [[gc.UseDisregardForGCOnDedicatedServers:0]]
[2019.02.28-00.46.44:939][  0]LogConfig: Applying CVar settings from Section [/Script/Engine.NetworkSettings] File [E:/Unreal Projects/Prototyping_sleep/Saved/Config/Windows/Engine.ini]
[2019.02.28-00.46.44:939][  0]LogConfig: Applying CVar settings from Section [/Script/UnrealEd.CookerSettings] File [E:/Unreal Projects/Prototyping_sleep/Saved/Config/Windows/Engine.ini]
[2019.02.28-00.46.44:965][  0]LogConfig: Applying CVar settings from Section [ViewDistanceQuality@3] File [E:/Unreal Projects/Prototyping_sleep/Saved/Config/Windows/Scalability.ini]
[2019.02.28-00.46.44:965][  0]LogConfig: Setting CVar [[r.SkeletalMeshLODBias:0]]
[2019.02.28-00.46.44:965][  0]LogConfig: Setting CVar [[r.ViewDistanceScale:1.0]]
[2019.02.28-00.46.44:965][  0]LogConfig: Applying CVar settings from Section [AntiAliasingQuality@3] File [E:/Unreal Projects/Prototyping_sleep/Saved/Config/Windows/Scalability.ini]
[2019.02.28-00.46.44:965][  0]LogConfig: Setting CVar [[r.PostProcessAAQuality:4]]
[2019.02.28-00.46.44:965][  0]LogConfig: Applying CVar settings from Section [ShadowQuality@3] File [E:/Unreal Projects/Prototyping_sleep/Saved/Config/Windows/Scalability.ini]
[2019.02.28-00.46.44:965][  0]LogConfig: Setting CVar [[r.LightFunctionQuality:1]]
[2019.02.28-00.46.44:965][  0]LogConfig: Setting CVar [[r.ShadowQuality:5]]
[2019.02.28-00.46.44:965][  0]LogConfig: Setting CVar [[r.Shadow.CSM.MaxCascades:10]]
[2019.02.28-00.46.44:965][  0]LogConfig: Setting CVar [[r.Shadow.MaxResolution:2048]]
[2019.02.28-00.46.44:965][  0]LogConfig: Setting CVar [[r.Shadow.MaxCSMResolution:2048]]
[2019.02.28-00.46.44:965][  0]LogConfig: Setting CVar [[r.Shadow.RadiusThreshold:0.01]]
[2019.02.28-00.46.44:965][  0]LogConfig: Setting CVar [[r.Shadow.DistanceScale:1.0]]
[2019.02.28-00.46.44:965][  0]LogConfig: Setting CVar [[r.Shadow.CSM.TransitionScale:1.0]]
[2019.02.28-00.46.44:965][  0]LogConfig: Setting CVar [[r.Shadow.PreShadowResolutionFactor:1.0]]
[2019.02.28-00.46.44:965][  0]LogConfig: Setting CVar [[r.DistanceFieldShadowing:1]]
[2019.02.28-00.46.44:965][  0]LogConfig: Setting CVar [[r.DistanceFieldAO:1]]
[2019.02.28-00.46.44:965][  0]LogConfig: Setting CVar [[r.AOQuality:2]]
[2019.02.28-00.46.44:965][  0]LogConfig: Setting CVar [[r.VolumetricFog:1]]
[2019.02.28-00.46.44:965][  0]LogConfig: Setting CVar [[r.VolumetricFog.GridPixelSize:8]]
[2019.02.28-00.46.44:965][  0]LogConfig: Setting CVar [[r.VolumetricFog.GridSizeZ:128]]
[2019.02.28-00.46.44:965][  0]LogConfig: Setting CVar [[r.VolumetricFog.HistoryMissSupersampleCount:4]]
[2019.02.28-00.46.44:965][  0]LogConfig: Setting CVar [[r.LightMaxDrawDistanceScale:1]]
[2019.02.28-00.46.44:965][  0]LogConfig: Setting CVar [[r.CapsuleShadows:1]]
[2019.02.28-00.46.44:965][  0]LogConfig: Applying CVar settings from Section [PostProcessQuality@3] File [E:/Unreal Projects/Prototyping_sleep/Saved/Config/Windows/Scalability.ini]
[2019.02.28-00.46.44:965][  0]LogConfig: Setting CVar [[r.MotionBlurQuality:4]]
[2019.02.28-00.46.44:965][  0]LogConfig: Setting CVar [[r.AmbientOcclusionMipLevelFactor:0.4]]
[2019.02.28-00.46.44:965][  0]LogConfig: Setting CVar [[r.AmbientOcclusionMaxQuality:100]]
[2019.02.28-00.46.44:965][  0]LogConfig: Setting CVar [[r.AmbientOcclusionLevels:-1]]
[2019.02.28-00.46.44:965][  0]LogConfig: Setting CVar [[r.AmbientOcclusionRadiusScale:1.0]]
[2019.02.28-00.46.44:965][  0]LogConfig: Setting CVar [[r.DepthOfFieldQuality:2]]
[2019.02.28-00.46.44:965][  0]LogConfig: Setting CVar [[r.RenderTargetPoolMin:400]]
[2019.02.28-00.46.44:965][  0]LogConfig: Setting CVar [[r.LensFlareQuality:2]]
[2019.02.28-00.46.44:965][  0]LogConfig: Setting CVar [[r.SceneColorFringeQuality:1]]
[2019.02.28-00.46.44:965][  0]LogConfig: Setting CVar [[r.EyeAdaptationQuality:2]]
[2019.02.28-00.46.44:965][  0]LogConfig: Setting CVar [[r.BloomQuality:5]]
[2019.02.28-00.46.44:965][  0]LogConfig: Setting CVar [[r.FastBlurThreshold:100]]
[2019.02.28-00.46.44:965][  0]LogConfig: Setting CVar [[r.Upscale.Quality:3]]
[2019.02.28-00.46.44:966][  0]LogConfig: Setting CVar [[r.Tonemapper.GrainQuantization:1]]
[2019.02.28-00.46.44:966][  0]LogConfig: Setting CVar [[r.LightShaftQuality:1]]
[2019.02.28-00.46.44:966][  0]LogConfig: Setting CVar [[r.Filter.SizeScale:1]]
[2019.02.28-00.46.44:966][  0]LogConfig: Setting CVar [[r.Tonemapper.Quality:5]]
[2019.02.28-00.46.44:966][  0]LogConfig: Setting CVar [[r.DOF.Gather.AccumulatorQuality:1        ; higher gathering accumulator quality]]
[2019.02.28-00.46.44:966][  0]LogConfig: Setting CVar [[r.DOF.Gather.PostfilterMethod:1          ; Median3x3 postfilering method]]
[2019.02.28-00.46.44:966][  0]LogConfig: Setting CVar [[r.DOF.Gather.EnableBokehSettings:0       ; no bokeh simulation when gathering]]
[2019.02.28-00.46.44:966][  0]LogConfig: Setting CVar [[r.DOF.Gather.RingCount:4                 ; medium number of samples when gathering]]
[2019.02.28-00.46.44:966][  0]LogConfig: Setting CVar [[r.DOF.Scatter.ForegroundCompositing:1    ; additive foreground scattering]]
[2019.02.28-00.46.44:966][  0]LogConfig: Setting CVar [[r.DOF.Scatter.BackgroundCompositing:2    ; additive background scattering]]
[2019.02.28-00.46.44:966][  0]LogConfig: Setting CVar [[r.DOF.Scatter.EnableBokehSettings:1      ; bokeh simulation when scattering]]
[2019.02.28-00.46.44:966][  0]LogConfig: Setting CVar [[r.DOF.Scatter.MaxSpriteRatio:0.1         ; only a maximum of 10% of scattered bokeh]]
[2019.02.28-00.46.44:966][  0]LogConfig: Setting CVar [[r.DOF.Recombine.Quality:1                ; cheap slight out of focus]]
[2019.02.28-00.46.44:966][  0]LogConfig: Setting CVar [[r.DOF.Recombine.EnableBokehSettings:0    ; no bokeh simulation on slight out of focus]]
[2019.02.28-00.46.44:966][  0]LogConfig: Setting CVar [[r.DOF.TemporalAAQuality:1                ; more stable temporal accumulation]]
[2019.02.28-00.46.44:966][  0]LogConfig: Setting CVar [[r.DOF.Kernel.MaxForegroundRadius:0.025]]
[2019.02.28-00.46.44:966][  0]LogConfig: Setting CVar [[r.DOF.Kernel.MaxBackgroundRadius:0.025]]
[2019.02.28-00.46.44:966][  0]LogConfig: Applying CVar settings from Section [TextureQuality@3] File [E:/Unreal Projects/Prototyping_sleep/Saved/Config/Windows/Scalability.ini]
[2019.02.28-00.46.44:966][  0]LogConfig: Setting CVar [[r.Streaming.MipBias:0]]
[2019.02.28-00.46.44:966][  0]LogConfig: Setting CVar [[r.Streaming.AmortizeCPUToGPUCopy:0]]
[2019.02.28-00.46.44:966][  0]LogConfig: Setting CVar [[r.Streaming.MaxNumTexturesToStreamPerFrame:0]]
[2019.02.28-00.46.44:966][  0]LogConfig: Setting CVar [[r.Streaming.Boost:1]]
[2019.02.28-00.46.44:966][  0]LogConfig: Setting CVar [[r.MaxAnisotropy:8]]
[2019.02.28-00.46.44:966][  0]LogConfig: Setting CVar [[r.Streaming.LimitPoolSizeToVRAM:0]]
[2019.02.28-00.46.44:966][  0]LogConfig: Setting CVar [[r.Streaming.PoolSize:1000]]
[2019.02.28-00.46.44:966][  0]LogConfig: Setting CVar [[r.Streaming.MaxEffectiveScreenSize:0]]
[2019.02.28-00.46.44:966][  0]LogConfig: Applying CVar settings from Section [EffectsQuality@3] File [E:/Unreal Projects/Prototyping_sleep/Saved/Config/Windows/Scalability.ini]
[2019.02.28-00.46.44:966][  0]LogConfig: Setting CVar [[r.TranslucencyLightingVolumeDim:64]]
[2019.02.28-00.46.44:966][  0]LogConfig: Setting CVar [[r.RefractionQuality:2]]
[2019.02.28-00.46.44:966][  0]LogConfig: Setting CVar [[r.SSR.Quality:3]]
[2019.02.28-00.46.44:966][  0]LogConfig: Setting CVar [[r.SceneColorFormat:4]]
[2019.02.28-00.46.44:966][  0]LogConfig: Setting CVar [[r.DetailMode:2]]
[2019.02.28-00.46.44:966][  0]LogConfig: Setting CVar [[r.TranslucencyVolumeBlur:1]]
[2019.02.28-00.46.44:966][  0]LogConfig: Setting CVar [[r.MaterialQualityLevel:1 ; High quality]]
[2019.02.28-00.46.44:966][  0]LogConfig: Setting CVar [[r.SSS.Scale:1]]
[2019.02.28-00.46.44:966][  0]LogConfig: Setting CVar [[r.SSS.SampleSet:2]]
[2019.02.28-00.46.44:966][  0]LogConfig: Setting CVar [[r.SSS.Quality:1]]
[2019.02.28-00.46.44:966][  0]LogConfig: Setting CVar [[r.SSS.HalfRes:1]]
[2019.02.28-00.46.44:966][  0]LogConfig: Setting CVar [[r.EmitterSpawnRateScale:1.0]]
[2019.02.28-00.46.44:966][  0]LogConfig: Setting CVar [[r.ParticleLightQuality:2]]
[2019.02.28-00.46.44:966][  0]LogConfig: Applying CVar settings from Section [FoliageQuality@3] File [E:/Unreal Projects/Prototyping_sleep/Saved/Config/Windows/Scalability.ini]
[2019.02.28-00.46.44:966][  0]LogConfig: Setting CVar [[foliage.DensityScale:1.0]]
[2019.02.28-00.46.44:966][  0]LogConfig: Setting CVar [[grass.DensityScale:1.0]]
[2019.02.28-00.46.44:974][  0]LogInit: Selected Device Profile: [Windows]
[2019.02.28-00.46.44:974][  0]LogInit: Applying CVar settings loaded from the selected device profile: [Windows]
[2019.02.28-00.46.45:040][  0]LogHAL: Display: Platform has ~ 16 GB [17132089344 / 17179869184 / 16], which maps to Larger [LargestMinGB=32, LargerMinGB=12, DefaultMinGB=8, SmallerMinGB=6, SmallestMinGB=0)
[2019.02.28-00.46.45:047][  0]LogConfig: Setting CVar [[r.Vulkan.UseRealUBs:1]]
[2019.02.28-00.46.45:047][  0]LogInit: Going up to parent DeviceProfile []
[2019.02.28-00.46.45:047][  0]LogConfig: Applying CVar settings from Section [ViewDistanceQuality@3] File [E:/Unreal Projects/Prototyping_sleep/Saved/Config/Windows/Scalability.ini]
[2019.02.28-00.46.45:047][  0]LogConfig: Setting CVar [[r.SkeletalMeshLODBias:0]]
[2019.02.28-00.46.45:047][  0]LogConfig: Setting CVar [[r.ViewDistanceScale:1.0]]
[2019.02.28-00.46.45:047][  0]LogConfig: Applying CVar settings from Section [AntiAliasingQuality@3] File [E:/Unreal Projects/Prototyping_sleep/Saved/Config/Windows/Scalability.ini]
[2019.02.28-00.46.45:047][  0]LogConfig: Setting CVar [[r.PostProcessAAQuality:4]]
[2019.02.28-00.46.45:048][  0]LogConfig: Applying CVar settings from Section [ShadowQuality@3] File [E:/Unreal Projects/Prototyping_sleep/Saved/Config/Windows/Scalability.ini]
[2019.02.28-00.46.45:048][  0]LogConfig: Setting CVar [[r.LightFunctionQuality:1]]
[2019.02.28-00.46.45:048][  0]LogConfig: Setting CVar [[r.ShadowQuality:5]]
[2019.02.28-00.46.45:048][  0]LogConfig: Setting CVar [[r.Shadow.CSM.MaxCascades:10]]
[2019.02.28-00.46.45:048][  0]LogConfig: Setting CVar [[r.Shadow.MaxResolution:2048]]
[2019.02.28-00.46.45:048][  0]LogConfig: Setting CVar [[r.Shadow.MaxCSMResolution:2048]]
[2019.02.28-00.46.45:048][  0]LogConfig: Setting CVar [[r.Shadow.RadiusThreshold:0.01]]
[2019.02.28-00.46.45:048][  0]LogConfig: Setting CVar [[r.Shadow.DistanceScale:1.0]]
[2019.02.28-00.46.45:048][  0]LogConfig: Setting CVar [[r.Shadow.CSM.TransitionScale:1.0]]
[2019.02.28-00.46.45:048][  0]LogConfig: Setting CVar [[r.Shadow.PreShadowResolutionFactor:1.0]]
[2019.02.28-00.46.45:048][  0]LogConfig: Setting CVar [[r.DistanceFieldShadowing:1]]
[2019.02.28-00.46.45:048][  0]LogConfig: Setting CVar [[r.DistanceFieldAO:1]]
[2019.02.28-00.46.45:048][  0]LogConfig: Setting CVar [[r.AOQuality:2]]
[2019.02.28-00.46.45:048][  0]LogConfig: Setting CVar [[r.VolumetricFog:1]]
[2019.02.28-00.46.45:048][  0]LogConfig: Setting CVar [[r.VolumetricFog.GridPixelSize:8]]
[2019.02.28-00.46.45:048][  0]LogConfig: Setting CVar [[r.VolumetricFog.GridSizeZ:128]]
[2019.02.28-00.46.45:048][  0]LogConfig: Setting CVar [[r.VolumetricFog.HistoryMissSupersampleCount:4]]
[2019.02.28-00.46.45:048][  0]LogConfig: Setting CVar [[r.LightMaxDrawDistanceScale:1]]
[2019.02.28-00.46.45:048][  0]LogConfig: Setting CVar [[r.CapsuleShadows:1]]
[2019.02.28-00.46.45:048][  0]LogConfig: Applying CVar settings from Section [PostProcessQuality@3] File [E:/Unreal Projects/Prototyping_sleep/Saved/Config/Windows/Scalability.ini]
[2019.02.28-00.46.45:048][  0]LogConfig: Setting CVar [[r.MotionBlurQuality:4]]
[2019.02.28-00.46.45:048][  0]LogConfig: Setting CVar [[r.AmbientOcclusionMipLevelFactor:0.4]]
[2019.02.28-00.46.45:048][  0]LogConfig: Setting CVar [[r.AmbientOcclusionMaxQuality:100]]
[2019.02.28-00.46.45:048][  0]LogConfig: Setting CVar [[r.AmbientOcclusionLevels:-1]]
[2019.02.28-00.46.45:048][  0]LogConfig: Setting CVar [[r.AmbientOcclusionRadiusScale:1.0]]
[2019.02.28-00.46.45:048][  0]LogConfig: Setting CVar [[r.DepthOfFieldQuality:2]]
[2019.02.28-00.46.45:049][  0]LogConfig: Setting CVar [[r.RenderTargetPoolMin:400]]
[2019.02.28-00.46.45:049][  0]LogConfig: Setting CVar [[r.LensFlareQuality:2]]
[2019.02.28-00.46.45:049][  0]LogConfig: Setting CVar [[r.SceneColorFringeQuality:1]]
[2019.02.28-00.46.45:049][  0]LogConfig: Setting CVar [[r.EyeAdaptationQuality:2]]
[2019.02.28-00.46.45:049][  0]LogConfig: Setting CVar [[r.BloomQuality:5]]
[2019.02.28-00.46.45:049][  0]LogConfig: Setting CVar [[r.FastBlurThreshold:100]]
[2019.02.28-00.46.45:049][  0]LogConfig: Setting CVar [[r.Upscale.Quality:3]]
[2019.02.28-00.46.45:049][  0]LogConfig: Setting CVar [[r.Tonemapper.GrainQuantization:1]]
[2019.02.28-00.46.45:049][  0]LogConfig: Setting CVar [[r.LightShaftQuality:1]]
[2019.02.28-00.46.45:049][  0]LogConfig: Setting CVar [[r.Filter.SizeScale:1]]
[2019.02.28-00.46.45:049][  0]LogConfig: Setting CVar [[r.Tonemapper.Quality:5]]
[2019.02.28-00.46.45:049][  0]LogConfig: Setting CVar [[r.DOF.Gather.AccumulatorQuality:1        ; higher gathering accumulator quality]]
[2019.02.28-00.46.45:049][  0]LogConfig: Setting CVar [[r.DOF.Gather.PostfilterMethod:1          ; Median3x3 postfilering method]]
[2019.02.28-00.46.45:049][  0]LogConfig: Setting CVar [[r.DOF.Gather.EnableBokehSettings:0       ; no bokeh simulation when gathering]]
[2019.02.28-00.46.45:049][  0]LogConfig: Setting CVar [[r.DOF.Gather.RingCount:4                 ; medium number of samples when gathering]]
[2019.02.28-00.46.45:049][  0]LogConfig: Setting CVar [[r.DOF.Scatter.ForegroundCompositing:1    ; additive foreground scattering]]
[2019.02.28-00.46.45:049][  0]LogConfig: Setting CVar [[r.DOF.Scatter.BackgroundCompositing:2    ; additive background scattering]]
[2019.02.28-00.46.45:049][  0]LogConfig: Setting CVar [[r.DOF.Scatter.EnableBokehSettings:1      ; bokeh simulation when scattering]]
[2019.02.28-00.46.45:049][  0]LogConfig: Setting CVar [[r.DOF.Scatter.MaxSpriteRatio:0.1         ; only a maximum of 10% of scattered bokeh]]
[2019.02.28-00.46.45:049][  0]LogConfig: Setting CVar [[r.DOF.Recombine.Quality:1                ; cheap slight out of focus]]
[2019.02.28-00.46.45:049][  0]LogConfig: Setting CVar [[r.DOF.Recombine.EnableBokehSettings:0    ; no bokeh simulation on slight out of focus]]
[2019.02.28-00.46.45:049][  0]LogConfig: Setting CVar [[r.DOF.TemporalAAQuality:1                ; more stable temporal accumulation]]
[2019.02.28-00.46.45:049][  0]LogConfig: Setting CVar [[r.DOF.Kernel.MaxForegroundRadius:0.025]]
[2019.02.28-00.46.45:049][  0]LogConfig: Setting CVar [[r.DOF.Kernel.MaxBackgroundRadius:0.025]]
[2019.02.28-00.46.45:049][  0]LogConfig: Applying CVar settings from Section [TextureQuality@3] File [E:/Unreal Projects/Prototyping_sleep/Saved/Config/Windows/Scalability.ini]
[2019.02.28-00.46.45:050][  0]LogConfig: Setting CVar [[r.Streaming.MipBias:0]]
[2019.02.28-00.46.45:050][  0]LogConfig: Setting CVar [[r.Streaming.AmortizeCPUToGPUCopy:0]]
[2019.02.28-00.46.45:050][  0]LogConfig: Setting CVar [[r.Streaming.MaxNumTexturesToStreamPerFrame:0]]
[2019.02.28-00.46.45:050][  0]LogConfig: Setting CVar [[r.Streaming.Boost:1]]
[2019.02.28-00.46.45:050][  0]LogConfig: Setting CVar [[r.MaxAnisotropy:8]]
[2019.02.28-00.46.45:050][  0]LogConfig: Setting CVar [[r.Streaming.LimitPoolSizeToVRAM:0]]
[2019.02.28-00.46.45:050][  0]LogConfig: Setting CVar [[r.Streaming.PoolSize:1000]]
[2019.02.28-00.46.45:050][  0]LogConfig: Setting CVar [[r.Streaming.MaxEffectiveScreenSize:0]]
[2019.02.28-00.46.45:050][  0]LogConfig: Applying CVar settings from Section [EffectsQuality@3] File [E:/Unreal Projects/Prototyping_sleep/Saved/Config/Windows/Scalability.ini]
[2019.02.28-00.46.45:050][  0]LogConfig: Setting CVar [[r.TranslucencyLightingVolumeDim:64]]
[2019.02.28-00.46.45:050][  0]LogConfig: Setting CVar [[r.RefractionQuality:2]]
[2019.02.28-00.46.45:050][  0]LogConfig: Setting CVar [[r.SSR.Quality:3]]
[2019.02.28-00.46.45:050][  0]LogConfig: Setting CVar [[r.SceneColorFormat:4]]
[2019.02.28-00.46.45:050][  0]LogConfig: Setting CVar [[r.DetailMode:2]]
[2019.02.28-00.46.45:050][  0]LogConfig: Setting CVar [[r.TranslucencyVolumeBlur:1]]
[2019.02.28-00.46.45:050][  0]LogConfig: Setting CVar [[r.MaterialQualityLevel:1 ; High quality]]
[2019.02.28-00.46.45:050][  0]LogConfig: Setting CVar [[r.SSS.Scale:1]]
[2019.02.28-00.46.45:050][  0]LogConfig: Setting CVar [[r.SSS.SampleSet:2]]
[2019.02.28-00.46.45:050][  0]LogConfig: Setting CVar [[r.SSS.Quality:1]]
[2019.02.28-00.46.45:050][  0]LogConfig: Setting CVar [[r.SSS.HalfRes:1]]
[2019.02.28-00.46.45:050][  0]LogConfig: Setting CVar [[r.EmitterSpawnRateScale:1.0]]
[2019.02.28-00.46.45:050][  0]LogConfig: Setting CVar [[r.ParticleLightQuality:2]]
[2019.02.28-00.46.45:050][  0]LogConfig: Applying CVar settings from Section [FoliageQuality@3] File [E:/Unreal Projects/Prototyping_sleep/Saved/Config/Windows/Scalability.ini]
[2019.02.28-00.46.45:050][  0]LogConfig: Setting CVar [[foliage.DensityScale:1.0]]
[2019.02.28-00.46.45:050][  0]LogConfig: Setting CVar [[grass.DensityScale:1.0]]
[2019.02.28-00.46.45:050][  0]LogConfig: Applying CVar settings from Section [Startup] File [../../../Engine/Config/ConsoleVariables.ini]
[2019.02.28-00.46.45:067][  0]LogConfig: Setting CVar [[net.UseAdaptiveNetUpdateFrequency:0]]
[2019.02.28-00.46.45:067][  0]LogConfig: Applying CVar settings from Section [ConsoleVariables] File [E:/Unreal Projects/Prototyping_sleep/Saved/Config/Windows/Engine.ini]
[2019.02.28-00.46.45:100][  0]LogInit: Computer: DESKTOP-2P0NHRQ
[2019.02.28-00.46.45:100][  0]LogInit: User: Ryan
[2019.02.28-00.46.45:100][  0]LogInit: CPU Page size=4096, Cores=4
[2019.02.28-00.46.45:100][  0]LogInit: High frequency timer resolution =3.312803 MHz
[2019.02.28-00.46.45:101][  0]LogMemory: Memory total: Physical=16.0GB (16GB approx)
[2019.02.28-00.46.45:101][  0]LogMemory: Platform Memory Stats for Windows
[2019.02.28-00.46.45:101][  0]LogMemory: Process Physical Memory: 104.19 MB used, 104.19 MB peak
[2019.02.28-00.46.45:101][  0]LogMemory: Process Virtual Memory: 91.09 MB used, 91.09 MB peak
[2019.02.28-00.46.45:101][  0]LogMemory: Physical Memory: 4614.93 MB used,  11723.50 MB free, 16338.43 MB total
[2019.02.28-00.46.45:101][  0]LogMemory: Virtual Memory: 4647.34 MB used,  134213080.00 MB free, 134217728.00 MB total
[2019.02.28-00.46.45:560][  0]LogInit: Using OS detected language (en-US).
[2019.02.28-00.46.45:560][  0]LogInit: Using OS detected locale (en-US).
[2019.02.28-00.46.45:598][  0]LogTextLocalizationManager: No specific localization for 'en-US' exists, so the 'en' localization will be used.
[2019.02.28-00.46.46:769][  0]LogStreaming: Display: Took  1.217s to InitEngineTextLocalization.
[2019.02.28-00.46.46:769][  0]LogInit: Setting process to per monitor DPI aware
[2019.02.28-00.46.47:175][  0]LogSlate: New Slate User Created.  User Index 0, Is Virtual User: 0
[2019.02.28-00.46.47:175][  0]LogSlate: Slate User Registered.  User Index 0, Is Virtual User: 0
[2019.02.28-00.46.48:118][  0]LogHMD: Failed to initialize OpenVR with code 110
[2019.02.28-00.46.48:118][  0]LogD3D11RHI: D3D11 adapters:
[2019.02.28-00.46.48:243][  0]LogD3D11RHI:    0. 'NVIDIA GeForce GTX 1050 Ti' (Feature Level 11_0)
[2019.02.28-00.46.48:243][  0]LogD3D11RHI:       4018/0/8169 MB DedicatedVideo/DedicatedSystem/SharedSystem, Outputs:2, VendorId:0x10de
[2019.02.28-00.46.48:245][  0]LogD3D11RHI:    1. 'Microsoft Basic Render Driver' (Feature Level 11_0)
[2019.02.28-00.46.48:245][  0]LogD3D11RHI:       0/0/8169 MB DedicatedVideo/DedicatedSystem/SharedSystem, Outputs:0, VendorId:0x1414
[2019.02.28-00.46.48:245][  0]LogD3D11RHI: Chosen D3D11 Adapter: 0
[2019.02.28-00.46.48:278][  0]LogD3D11RHI: Creating new Direct3DDevice
[2019.02.28-00.46.48:278][  0]LogD3D11RHI:     GPU DeviceId: 0x1c82 (for the marketing name, search the web for "GPU Device Id")
[2019.02.28-00.46.48:278][  0]LogWindows: EnumDisplayDevices:
[2019.02.28-00.46.48:279][  0]LogWindows:    0. 'NVIDIA GeForce GTX 1050 Ti' (P:1 D:1)
[2019.02.28-00.46.48:280][  0]LogWindows:    1. 'NVIDIA GeForce GTX 1050 Ti' (P:0 D:1)
[2019.02.28-00.46.48:281][  0]LogWindows:    2. 'NVIDIA GeForce GTX 1050 Ti' (P:0 D:0)
[2019.02.28-00.46.48:281][  0]LogWindows:    3. 'NVIDIA GeForce GTX 1050 Ti' (P:0 D:0)
[2019.02.28-00.46.48:282][  0]LogWindows: DebugString: FoundDriverCount:4 
[2019.02.28-00.46.48:282][  0]LogD3D11RHI:     Adapter Name: NVIDIA GeForce GTX 1050 Ti
[2019.02.28-00.46.48:282][  0]LogD3D11RHI:   Driver Version: 416.94 (internal:25.21.14.1694, unified:416.94)
[2019.02.28-00.46.48:283][  0]LogD3D11RHI:      Driver Date: 11-12-2018
[2019.02.28-00.46.48:283][  0]LogRHI: Texture pool is 2812 MB (70% of 4018 MB)
[2019.02.28-00.46.48:368][  0]LogD3D11RHI: Async texture creation enabled
[2019.02.28-00.46.48:543][  0]LogD3D11RHI: GPU Timing Frequency: 1000.000000 (Debug: 2 2)
[2019.02.28-00.46.49:398][  0]LogTemp: Display: Loaded TP AllDesktopTargetPlatform
[2019.02.28-00.46.49:431][  0]LogTemp: Display: Loaded TP MacClientTargetPlatform
[2019.02.28-00.46.49:457][  0]LogTemp: Display: Loaded TP MacNoEditorTargetPlatform
[2019.02.28-00.46.49:480][  0]LogTemp: Display: Loaded TP MacServerTargetPlatform
[2019.02.28-00.46.49:512][  0]LogTemp: Display: Loaded TP MacTargetPlatform
[2019.02.28-00.46.49:541][  0]LogTemp: Display: Loaded TP WindowsClientTargetPlatform
[2019.02.28-00.46.49:561][  0]LogTemp: Display: Loaded TP WindowsNoEditorTargetPlatform
[2019.02.28-00.46.49:583][  0]LogTemp: Display: Loaded TP WindowsServerTargetPlatform
[2019.02.28-00.46.49:603][  0]LogTemp: Display: Loaded TP WindowsTargetPlatform
[2019.02.28-00.46.49:705][  0]LogTemp: Display: Loaded TP AndroidTargetPlatform
[2019.02.28-00.46.49:705][  0]LogTemp: Display: Loaded TP AndroidTargetPlatform
[2019.02.28-00.46.49:705][  0]LogTemp: Display: Loaded TP AndroidTargetPlatform
[2019.02.28-00.46.49:705][  0]LogTemp: Display: Loaded TP AndroidTargetPlatform
[2019.02.28-00.46.49:705][  0]LogTemp: Display: Loaded TP AndroidTargetPlatform
[2019.02.28-00.46.49:706][  0]LogTemp: Display: Loaded TP AndroidTargetPlatform
[2019.02.28-00.46.49:706][  0]LogTemp: Display: Loaded TP AndroidTargetPlatform
[2019.02.28-00.46.49:706][  0]LogTemp: Display: Loaded TP AndroidTargetPlatform
[2019.02.28-00.46.49:706][  0]LogTemp: Display: Loaded TP AndroidTargetPlatform
[2019.02.28-00.46.49:706][  0]LogTemp: Display: Loaded TP AndroidTargetPlatform
[2019.02.28-00.46.49:706][  0]LogTemp: Display: Loaded TP AndroidTargetPlatform
[2019.02.28-00.46.49:706][  0]LogTemp: Display: Loaded TP AndroidTargetPlatform
[2019.02.28-00.46.49:706][  0]LogTemp: Display: Loaded TP AndroidTargetPlatform
[2019.02.28-00.46.49:706][  0]LogTemp: Display: Loaded TP AndroidTargetPlatform
[2019.02.28-00.46.49:706][  0]LogTemp: Display: Loaded TP AndroidTargetPlatform
[2019.02.28-00.46.49:706][  0]LogTemp: Display: Loaded TP AndroidTargetPlatform
[2019.02.28-00.46.49:706][  0]LogTemp: Display: Loaded TP AndroidTargetPlatform
[2019.02.28-00.46.49:706][  0]LogTemp: Display: Loaded TP AndroidTargetPlatform
[2019.02.28-00.46.49:723][  0]LogTemp: Display: Loaded TP HTML5TargetPlatform
[2019.02.28-00.46.49:846][  0]LogTemp: Display: Loaded TP IOSTargetPlatform
[2019.02.28-00.46.49:846][  0]LogTemp: Display: Loaded TP IOSTargetPlatform
[2019.02.28-00.46.49:888][  0]LogTemp: Display: Loaded TP TVOSTargetPlatform
[2019.02.28-00.46.49:888][  0]LogTemp: Display: Loaded TP TVOSTargetPlatform
[2019.02.28-00.46.49:905][  0]LogTemp: Display: Loaded TP LinuxClientTargetPlatform
[2019.02.28-00.46.49:931][  0]LogTemp: Display: Loaded TP LinuxNoEditorTargetPlatform
[2019.02.28-00.46.49:946][  0]LogTemp: Display: Loaded TP LinuxServerTargetPlatform
[2019.02.28-00.46.49:984][  0]LogTemp: Display: Loaded TP LinuxTargetPlatform
[2019.02.28-00.46.50:045][  0]LogTemp: Display: Loaded TP LuminTargetPlatform
[2019.02.28-00.46.50:045][  0]LogTemp: Display: Loaded TP LuminTargetPlatform
[2019.02.28-00.46.50:045][  0]LogTargetPlatformManager: Display: Building Assets For Windows
[2019.02.28-00.46.50:645][  0]LogShaderCompilers: Guid format shader working directory is -3 characters bigger than the processId version (../../../../../Unreal Projects/Prototyping_sleep/Intermediate/Shaders/WorkingDirectory/2688/).
[2019.02.28-00.46.50:646][  0]LogShaderCompilers: Cleaned the shader compiler working directory 'C:/Users/Ryan/AppData/Local/Temp/UnrealShaderWorkingDir/885EB96C4120818C47CAE5B6410AE1F2/'.
[2019.02.28-00.46.50:663][  0]LogXGEController: Cleaning working directory: C:/Users/Ryan/AppData/Local/Temp/UnrealXGEWorkingDir/
[2019.02.28-00.46.50:663][  0]LogXGEController: Cannot use XGE Controller as Incredibuild is not installed on this machine.
[2019.02.28-00.46.50:663][  0]LogShaderCompilers: Cannot use XGE Shader Compiler as Incredibuild is not installed on this machine.
[2019.02.28-00.46.50:663][  0]LogShaderCompilers: Display: Using Local Shader Compiler.
[2019.02.28-00.46.52:054][  0]LogDerivedDataCache: Display: Max Cache Size: 512 MB
[2019.02.28-00.46.52:643][  0]LogDerivedDataCache: Loaded boot cache 0.59s 71MB C:/Users/Ryan/AppData/Local/UnrealEngine/4.21/DerivedDataCache/Boot.ddc.
[2019.02.28-00.46.52:643][  0]LogDerivedDataCache: Display: Loaded Boot cache: C:/Users/Ryan/AppData/Local/UnrealEngine/4.21/DerivedDataCache/Boot.ddc
[2019.02.28-00.46.52:644][  0]LogDerivedDataCache: FDerivedDataBackendGraph:  Pak pak cache file ../../../../../Unreal Projects/Prototyping_sleep/DerivedDataCache/DDC.ddp not found, will not use a pak cache.
[2019.02.28-00.46.52:644][  0]LogDerivedDataCache: Unable to find inner node Pak for hierarchical cache Hierarchy.
[2019.02.28-00.46.52:644][  0]LogDerivedDataCache: FDerivedDataBackendGraph:  CompressedPak pak cache file ../../../../../Unreal Projects/Prototyping_sleep/DerivedDataCache/Compressed.ddp not found, will not use a pak cache.
[2019.02.28-00.46.52:644][  0]LogDerivedDataCache: Unable to find inner node CompressedPak for hierarchical cache Hierarchy.
[2019.02.28-00.46.52:680][  0]LogDerivedDataCache: Display: Pak cache opened for reading ../../../Engine/DerivedDataCache/Compressed.ddp.
[2019.02.28-00.46.52:681][  0]LogDerivedDataCache: FDerivedDataBackendGraph:  EnterprisePak pak cache file ../../../Enterprise/DerivedDataCache/Compressed.ddp not found, will not use a pak cache.
[2019.02.28-00.46.52:681][  0]LogDerivedDataCache: Unable to find inner node EnterprisePak for hierarchical cache Hierarchy.
[2019.02.28-00.46.52:693][  0]LogDerivedDataCache: Using Local data cache path C:/Users/Ryan/AppData/Local/UnrealEngine/Common/DerivedDataCache: Writable
[2019.02.28-00.46.52:693][  0]LogDerivedDataCache: Shared data cache path not found in *engine.ini, will not use an Shared cache.
[2019.02.28-00.46.52:693][  0]LogDerivedDataCache: Unable to find inner node Shared for hierarchical cache Hierarchy.
[2019.02.28-00.46.52:733][  0]LogMaterial: Verifying Global Shaders for PCD3D_SM5
[2019.02.28-00.46.52:794][  0]LogSlate: Using FreeType 2.6.0
[2019.02.28-00.46.52:842][  0]LogSlate: SlateFontServices - WITH_FREETYPE: 1, WITH_HARFBUZZ: 1
[2019.02.28-00.46.53:497][  0]LogAssetRegistry: FAssetRegistry took 0.0434 seconds to start up
[2019.02.28-00.46.57:762][  0]LogInit: Selected Device Profile: [Windows]
[2019.02.28-00.47.00:259][  0]LogSimplygon: Simplygon DLL not present - disabling.
[2019.02.28-00.47.00:515][  0]LogMeshReduction: Using SimplygonSwarm for distributed automatic mesh merging
[2019.02.28-00.47.00:515][  0]LogMeshReduction: Using ProxyLODMeshReduction for automatic mesh merging
[2019.02.28-00.47.00:516][  0]LogMeshReduction: Using QuadricMeshReduction for automatic static mesh reduction
[2019.02.28-00.47.00:516][  0]LogMeshReduction: No automatic skeletal mesh reduction module available
[2019.02.28-00.47.00:730][  0]LogNetVersion: Prototyping_sleep 1.0.0, NetCL: 4541578, EngineNetVer: 5, GameNetVer: 0 (Checksum: 263708930)
[2019.02.28-00.47.04:132][  0]LogPackageLocalizationCache: Processed 11 localized package path(s) for 2 prioritized culture(s) in 0.190784 seconds
[2019.02.28-00.47.04:160][  0]LogUObjectArray: 39775 objects as part of root set at end of initial load.
[2019.02.28-00.47.04:160][  0]LogUObjectAllocator: 6914656 out of 0 bytes used by permanent object pool.
[2019.02.28-00.47.04:160][  0]LogUObjectArray: CloseDisregardForGC: 0/0 objects in disregard for GC pool
[2019.02.28-00.47.14:609][  0]LogTcpMessaging: Initializing TcpMessaging bridge
[2019.02.28-00.47.14:637][  0]LogUdpMessaging: Initializing bridge on interface 0.0.0.0:0 to multicast group 230.0.0.1:6666.
[2019.02.28-00.47.16:135][  0]SourceControl: Source control is disabled
[2019.02.28-00.47.16:136][  0]SourceControl: Source control is disabled
[2019.02.28-00.47.16:183][  0]SourceControl: Source control is disabled
[2019.02.28-00.47.16:188][  0]SourceControl: Source control is disabled
[2019.02.28-00.47.17:044][  0]LogAndroidPermission: UAndroidPermissionCallbackProxy::GetInstance
[2019.02.28-00.47.17:417][  0]LogOcInput: OculusInput pre-init called
[2019.02.28-00.47.18:353][  0]LogEngine: Initializing Engine...
[2019.02.28-00.47.18:377][  0]LogHMD: Failed to initialize OpenVR with code 110
[2019.02.28-00.47.18:389][  0]LogStats: UGameplayTagsManager::ConstructGameplayTagTree: ImportINI prefixes -  0.000 s
[2019.02.28-00.47.18:389][  0]LogStats: UGameplayTagsManager::ConstructGameplayTagTree: Construct from data asset -  0.000 s
[2019.02.28-00.47.18:390][  0]LogStats: UGameplayTagsManager::ConstructGameplayTagTree: ImportINI -  0.000 s
[2019.02.28-00.47.18:390][  0]LogStats: UGameplayTagsManager::ConstructGameplayTagTree: GameplayTagTreeChangedEvent.Broadcast -  0.000 s
[2019.02.28-00.47.18:999][  0]LogInit: Initializing FReadOnlyCVARCache
[2019.02.28-00.47.19:166][  0]LogAIModule: Creating AISystem for world Untitled
[2019.02.28-00.47.19:267][  0]LogInit: XAudio2 using 'Speakers / Headphones (Realtek High Definition Audio)' : 2 channels at 48 kHz using 32 bits per sample (channel mask 0x3)
[2019.02.28-00.47.19:332][  0]LogInit: FAudioDevice initialized.
[2019.02.28-00.47.19:349][  0]LogNetVersion: Set ProjectVersion to 1.0.0.0. Version Checksum will be recalculated on next use.
[2019.02.28-00.47.19:384][  0]LogFileManager: Error: Error writing to file: C:/Users/Ryan/AppData/Local/UnrealEngine/4.21/DerivedDataCache/Boot.ddc (There is not enough space on the disk.)
[2019.02.28-00.47.19:384][  0]LogDerivedDataCache: Saved boot cache 0.03s 57MB C:/Users/Ryan/AppData/Local/UnrealEngine/4.21/DerivedDataCache/Boot.ddc.
[2019.02.28-00.47.19:420][  0]LogInit: Texture streaming: Enabled
[2019.02.28-00.47.19:525][  0]LogEngineSessionManager: EngineSessionManager initialized
[2019.02.28-00.47.19:525][  0]LogEngineSessionManager: EngineSessionManager sent abnormal shutdown report. Type=AbnormalShutdown, SessionId={86B4C135-4104-11A7-475B-B3B4906B0BCC}
[2019.02.28-00.47.19:612][  0]LogInit: Transaction tracking system initialized
[2019.02.28-00.47.19:893][  0]BlueprintLog: New page: Editor Load
[2019.02.28-00.47.20:759][  0]LocalizationService: Localization service is disabled
[2019.02.28-00.47.23:567][  0]LogCook: Display: Max memory allowance for cook 16384mb min free memory 0mb
[2019.02.28-00.47.23:592][  0]LogCook: Display: Mobile HDR setting 1
[2019.02.28-00.47.23:593][  0]LogGameplayTags: Display: UGameplayTagsManager::DoneAddingNativeTags. DelegateIsBound: 0
[2019.02.28-00.47.23:593][  0]LogStats: UGameplayTagsManager::ConstructGameplayTagTree: ImportINI prefixes -  0.000 s
[2019.02.28-00.47.23:593][  0]LogStats: UGameplayTagsManager::ConstructGameplayTagTree: Construct from data asset -  0.000 s
[2019.02.28-00.47.23:593][  0]LogStats: UGameplayTagsManager::ConstructGameplayTagTree: ImportINI -  0.000 s
[2019.02.28-00.47.23:593][  0]LogStats: UGameplayTagsManager::ConstructGameplayTagTree: GameplayTagTreeChangedEvent.Broadcast -  0.000 s
[2019.02.28-00.47.23:621][  0]LogFileCache: Scanning file cache for directory 'E:/Unreal Projects/Prototyping_sleep/Content/' took 0.09s
[2019.02.28-00.47.26:883][  0]SourceControl: Source control is disabled
[2019.02.28-00.47.26:899][  0]Cmd: MAP LOAD FILE="../../../../../Unreal Projects/Prototyping_sleep/Content/ThirdPersonBP/Maps/ThirdPersonExampleMap.umap" TEMPLATE=0 SHOWPROGRESS=1 FEATURELEVEL=3
[2019.02.28-00.47.26:919][  0]LightingResults: New page: Lighting Build
[2019.02.28-00.47.27:022][  0]MapCheck: New page: Map Check
[2019.02.28-00.47.27:022][  0]LightingResults: New page: Lighting Build
[2019.02.28-00.47.30:306][  0]LogAIModule: Creating AISystem for world ThirdPersonExampleMap
[2019.02.28-00.47.30:435][  0]LogBlueprintUserMessages: [ThirdPerson_AnimBP_Custom_C_0] SpeenAnim 0.0
[2019.02.28-00.47.31:008][  0]LogEditorServer: Finished looking for orphan Actors (0.000 secs)
[2019.02.28-00.47.31:523][  0]Cmd: MAP CHECKDEP NOCLEARLOG
[2019.02.28-00.47.31:739][  0]MapCheck: Map check complete: 0 Error(s), 0 Warning(s), took 10.274ms to complete.
[2019.02.28-00.47.31:739][  0]LogFileHelpers: Loading map 'ThirdPersonExampleMap' took 4.841
[2019.02.28-00.47.32:234][  0]LogSlate: Updating window title bar state: overlay mode, drag disabled, window buttons hidden, title bar hidden
[2019.02.28-00.47.32:241][  0]LogSlate: Updating window title bar state: overlay mode, drag disabled, window buttons hidden, title bar hidden
[2019.02.28-00.47.32:347][  0]LogCollectionManager: Loaded 0 collections in 0.008977 seconds
[2019.02.28-00.47.32:433][  0]LogFileCache: Scanning file cache for directory 'E:/Unreal Projects/Prototyping_sleep/Saved/Collections/' took 0.01s
[2019.02.28-00.47.32:433][  0]LogFileCache: Scanning file cache for directory 'E:/Unreal Projects/Prototyping_sleep/Content/Developers/Ryan/Collections/' took 0.00s
[2019.02.28-00.47.32:433][  0]LogFileCache: Scanning file cache for directory 'E:/Unreal Projects/Prototyping_sleep/Content/Collections/' took 0.00s
[2019.02.28-00.47.32:433][  0]LogCollectionManager: Rebuilt the GUID cache for 0 collections in 0.000001 seconds
[2019.02.28-00.47.32:465][  0]LogContentBrowser: Native class hierarchy populated in 0.0239 seconds. Added 2651 classes and 620 folders.
[2019.02.28-00.47.32:547][  0]LogContentBrowser: Native class hierarchy updated for 'WidgetCarousel' in 0.0006 seconds. Added 0 classes and 0 folders.
[2019.02.28-00.47.32:628][  0]LogPakFile: Registered encryption key '00000000000000000000000000000000': 0 pak files mounted, 0 remain pending
[2019.02.28-00.47.32:650][  0]LogPakFile: Registered encryption key '00000000000000000000000000000000': 0 pak files mounted, 0 remain pending
[2019.02.28-00.47.32:664][  0]LogPakFile: Registered encryption key '00000000000000000000000000000000': 0 pak files mounted, 0 remain pending
[2019.02.28-00.47.32:676][  0]LogPakFile: Registered encryption key '00000000000000000000000000000000': 0 pak files mounted, 0 remain pending
[2019.02.28-00.47.32:678][  0]LogPakFile: Registered encryption key '00000000000000000000000000000000': 0 pak files mounted, 0 remain pending
[2019.02.28-00.47.32:680][  0]LogPakFile: Registered encryption key '00000000000000000000000000000000': 0 pak files mounted, 0 remain pending
[2019.02.28-00.47.32:682][  0]LogPakFile: Registered encryption key '00000000000000000000000000000000': 0 pak files mounted, 0 remain pending
[2019.02.28-00.47.32:685][  0]LogPakFile: Registered encryption key '00000000000000000000000000000000': 0 pak files mounted, 0 remain pending
[2019.02.28-00.47.32:687][  0]LogPakFile: Registered encryption key '00000000000000000000000000000000': 0 pak files mounted, 0 remain pending
[2019.02.28-00.47.32:690][  0]LogPakFile: Registered encryption key '00000000000000000000000000000000': 0 pak files mounted, 0 remain pending
[2019.02.28-00.47.32:692][  0]LogPakFile: Registered encryption key '00000000000000000000000000000000': 0 pak files mounted, 0 remain pending
[2019.02.28-00.47.32:714][  0]LogPakFile: Registered encryption key '00000000000000000000000000000000': 0 pak files mounted, 0 remain pending
[2019.02.28-00.47.32:717][  0]LogPakFile: Registered encryption key '00000000000000000000000000000000': 0 pak files mounted, 0 remain pending
[2019.02.28-00.47.32:720][  0]LogPakFile: Registered encryption key '00000000000000000000000000000000': 0 pak files mounted, 0 remain pending
[2019.02.28-00.47.32:723][  0]LogPakFile: Registered encryption key '00000000000000000000000000000000': 0 pak files mounted, 0 remain pending
[2019.02.28-00.47.32:725][  0]LogPakFile: Registered encryption key '00000000000000000000000000000000': 0 pak files mounted, 0 remain pending
[2019.02.28-00.47.32:749][  0]LogPakFile: Registered encryption key '00000000000000000000000000000000': 0 pak files mounted, 0 remain pending
[2019.02.28-00.47.32:752][  0]LogPakFile: Registered encryption key '00000000000000000000000000000000': 0 pak files mounted, 0 remain pending
[2019.02.28-00.47.32:754][  0]LogPakFile: Registered encryption key '00000000000000000000000000000000': 0 pak files mounted, 0 remain pending
[2019.02.28-00.47.32:757][  0]LogPakFile: Registered encryption key '00000000000000000000000000000000': 0 pak files mounted, 0 remain pending
[2019.02.28-00.47.32:759][  0]LogPakFile: Registered encryption key '00000000000000000000000000000000': 0 pak files mounted, 0 remain pending
[2019.02.28-00.47.32:762][  0]LogPakFile: Registered encryption key '00000000000000000000000000000000': 0 pak files mounted, 0 remain pending
[2019.02.28-00.47.32:782][  0]LogPakFile: Registered encryption key '00000000000000000000000000000000': 0 pak files mounted, 0 remain pending
[2019.02.28-00.47.32:802][  0]LogPakFile: Registered encryption key '00000000000000000000000000000000': 0 pak files mounted, 0 remain pending
[2019.02.28-00.47.32:805][  0]LogPakFile: Registered encryption key '00000000000000000000000000000000': 0 pak files mounted, 0 remain pending
[2019.02.28-00.47.32:808][  0]LogPakFile: Registered encryption key '00000000000000000000000000000000': 0 pak files mounted, 0 remain pending
[2019.02.28-00.47.33:741][  0]LogContentBrowser: Native class hierarchy updated for 'AddContentDialog' in 0.0005 seconds. Added 0 classes and 0 folders.
[2019.02.28-00.47.33:785][  0]LogContentBrowser: Native class hierarchy updated for 'SceneOutliner' in 0.0006 seconds. Added 1 classes and 2 folders.
[2019.02.28-00.47.34:406][  0]LogSlate: Took 0.012104 seconds to synchronously load lazily loaded font '../../../Engine/Content/Slate/Fonts/Roboto-Regular.ttf' (155K)
[2019.02.28-00.47.34:434][  0]LogSlate: Took 0.008912 seconds to synchronously load lazily loaded font '../../../Engine/Content/Slate/Fonts/Roboto-Bold.ttf' (160K)
[2019.02.28-00.47.34:456][  0]LogSlate: Took 0.013072 seconds to synchronously load lazily loaded font '../../../Engine/Content/Editor/Slate/Fonts/FontAwesome.ttf' (139K)
[2019.02.28-00.47.34:745][  0]LogContentBrowser: Native class hierarchy updated for 'HierarchicalLODOutliner' in 0.0004 seconds. Added 0 classes and 0 folders.
[2019.02.28-00.47.34:745][  0]LogLoad: (Engine Initialization) Total time: 66.28 seconds
[2019.02.28-00.47.34:745][  0]LogLoad: (Engine Initialization) Total Blueprint compile time: 0.00 seconds
[2019.02.28-00.47.34:889][  0]LogContentStreaming: Texture pool size now 1000 MB
[2019.02.28-00.47.35:116][  1]LogRenderer: Reallocating scene render targets to support 1232x508 Format 10 NumSamples 1 (Frame:1).
[2019.02.28-00.47.35:545][  3]LogSlate: Took 0.009445 seconds to synchronously load lazily loaded font '../../../Engine/Content/Slate/Fonts/Roboto-Light.ttf' (167K)
[2019.02.28-00.47.35:622][  4]LogAssetRegistry: Asset discovery search completed in 42.1483 seconds
[2019.02.28-00.47.35:624][  4]LogCollectionManager: Rebuilt the object cache for 0 collections in 0.000001 seconds (found 0 objects)
[2019.02.28-00.47.35:624][  4]LogCollectionManager: Fixed up redirectors for 0 collections in 0.000050 seconds (updated 0 objects)
[2019.02.28-00.47.35:870][ 10]LogSlate: Took 0.000208 seconds to synchronously load lazily loaded font '../../../Engine/Content/Slate/Fonts/Roboto-Light.ttf' (167K)
[2019.02.28-00.47.59:209][724]LogSlate: FSceneViewport::OnFocusLost() reason 0
[2019.02.28-00.48.02:732][ 97]LogSlate: Updating window title bar state: overlay mode, drag disabled, window buttons hidden, title bar hidden
[2019.02.28-00.48.02:736][ 97]LogSlate: Updating window title bar state: overlay mode, drag disabled, window buttons hidden, title bar hidden
[2019.02.28-00.48.02:853][ 97]LogRenderer: Reallocating scene render targets to support 1232x596 Format 10 NumSamples 1 (Frame:2681).
[2019.02.28-00.48.08:137][655]LogAssetEditorManager: Opening Asset editor for Blueprint /Game/Teaser/TeaserBP/FlickerinLight.FlickerinLight
[2019.02.28-00.48.09:106][655]LogContentBrowser: Native class hierarchy updated for 'BlueprintGraph' in 0.0007 seconds. Added 117 classes and 0 folders.
[2019.02.28-00.48.10:874][655]LogAssetEditorManager: Opening Asset editor for LevelSequence /Game/Teaser/TeaserCin/Master.Master
[2019.02.28-00.48.11:071][655]LogSlate: Took 0.011376 seconds to synchronously load lazily loaded font '../../../Engine/Content/Slate/Fonts/DroidSansMono.ttf' (77K)
[2019.02.28-00.48.11:095][655]LogSlate: Took 0.008421 seconds to synchronously load lazily loaded font '../../../Engine/Content/Slate/Fonts/Roboto-BoldCondensed.ttf' (158K)
[2019.02.28-00.48.11:449][656]LogSlate: Took 0.000986 seconds to synchronously load lazily loaded font '../../../Engine/Content/Slate/Fonts/Roboto-Italic.ttf' (157K)
[2019.02.28-00.48.13:732][802]LogSlate: Window 'FlickerinLight' being destroyed
[2019.02.28-00.48.13:735][802]LogSlate: Window 'FlickerinLight' being destroyed
[2019.02.28-00.48.31:283][665]LogAIModule: Creating AISystem for world Teaser
[2019.02.28-00.48.31:297][665]LogMaterial: Warning: Material /Game/Teaser/Materials/M_LightSwitch.M_LightSwitch needed to have new flag set bUsedWithStaticLighting !
[2019.02.28-00.48.31:309][665]LogMaterial: Display: Missing cached shader map for material M_LightSwitch, compiling. 
[2019.02.28-00.48.31:446][665]LogShaderCompilers: Display: Shaders left to compile 55
[2019.02.28-00.48.31:446][665]LogShaderCompilers: Display: Shaders left to compile 45
[2019.02.28-00.48.31:446][665]LogShaderCompilers: Display: Shaders left to compile 35
[2019.02.28-00.48.31:446][665]LogShaderCompilers: Display: Shaders left to compile 25
[2019.02.28-00.48.31:446][665]MapCheck: Warning: M_LightSwitch Material /Game/Teaser/Materials/M_LightSwitch.M_LightSwitch was missing the usage flag bUsedWithStaticLighting. If the material asset is not re-saved, it may not render correctly when run outside the editor. Fix
[2019.02.28-00.48.31:483][665]LogMaterial: Warning: Material /Game/Teaser/Materials/Glass.Glass needed to have new flag set bUsedWithStaticLighting !
[2019.02.28-00.48.31:499][665]LogMaterial: Display: Missing cached shader map for material Glass, compiling. 
[2019.02.28-00.48.31:589][665]MapCheck: Warning: Glass Material /Game/Teaser/Materials/Glass.Glass was missing the usage flag bUsedWithStaticLighting. If the material asset is not re-saved, it may not render correctly when run outside the editor. Fix
[2019.02.28-00.48.31:592][665]LogBlueprintUserMessages: [ThirdPerson_AnimBP_Custom_C_0] SpeenAnim 0.0
[2019.02.28-00.48.31:793][665]LogAssetEditorManager: Opening Asset editor for World /Game/ThirdPersonBP/Maps/Teaser.Teaser
[2019.02.28-00.48.31:853][665]Cmd: MAP LOAD FILE="../../../../../Unreal Projects/Prototyping_sleep/Content/ThirdPersonBP/Maps/Teaser.umap" TEMPLATE=0 SHOWPROGRESS=1 FEATURELEVEL=3
[2019.02.28-00.48.31:853][665]LightingResults: New page: Lighting Build
[2019.02.28-00.48.31:854][665]LoadErrors: New page: Loading map: Teaser.umap
[2019.02.28-00.48.31:856][665]MapCheck: New page: Map Check
[2019.02.28-00.48.31:856][665]LightingResults: New page: Lighting Build
[2019.02.28-00.48.32:018][665]LogBlueprintUserMessages: [ThirdPerson_AnimBP_Custom_C_0] SpeenAnim 0.0
[2019.02.28-00.48.32:325][665]LogEditorServer: Finished looking for orphan Actors (0.000 secs)
[2019.02.28-00.48.32:407][665]Cmd: MAP CHECKDEP NOCLEARLOG
[2019.02.28-00.48.32:407][665]MapCheck: Map check complete: 0 Error(s), 0 Warning(s), took 0.154ms to complete.
[2019.02.28-00.48.32:407][665]LogFileHelpers: Loading map 'Teaser' took 0.570
[2019.02.28-00.48.34:633][717]LogShaderCompilers: Display: Shaders left to compile 60
[2019.02.28-00.48.34:688][720]LogShaderCompilers: Display: Shaders left to compile 50
[2019.02.28-00.48.34:803][725]LogShaderCompilers: Display: Shaders left to compile 40
[2019.02.28-00.48.35:860][756]LogSlate: Window 'Message Log' being destroyed
[2019.02.28-00.48.35:895][756]LogSlate: Window 'Message Log' being destroyed
[2019.02.28-00.48.37:049][817]LogShaderCompilers: Display: Shaders left to compile 30
[2019.02.28-00.48.38:134][877]LogShaderCompilers: Display: Shaders left to compile 20
[2019.02.28-00.48.39:127][930]LogShaderCompilers: Display: Shaders left to compile 10
[2019.02.28-00.48.42:270][ 86]LogSlate: FSceneViewport::OnFocusLost() reason 2
[2019.02.28-00.48.43:587][163]LogSlate: FSceneViewport::OnFocusLost() reason 0
[2019.02.28-00.49.13:119][761]LogSlate: FSceneViewport::OnFocusLost() reason 0
[2019.02.28-00.49.45:533][526]LogTemp: Starting movie scene capture...
[2019.02.28-00.49.45:540][526]LogBlueprintUserMessages: Early PlayInEditor Detection: Level '/Game/ThirdPersonBP/Maps/Teaser.Teaser:PersistentLevel' has LevelScriptBlueprint '/Game/ThirdPersonBP/Maps/Teaser.Teaser:PersistentLevel.Teaser' with GeneratedClass '/Game/ThirdPersonBP/Maps/Teaser.Teaser_C' with ClassGeneratedBy '/Game/ThirdPersonBP/Maps/Teaser.Teaser:PersistentLevel.Teaser'
[2019.02.28-00.49.45:541][526]LogPlayLevel: PlayLevel: No blueprints needed recompiling
[2019.02.28-00.49.45:541][526]PIE: New page: PIE session: Teaser (Feb 27, 2019, 2:49:45 PM)
[2019.02.28-00.49.45:553][526]LogPlayLevel: Creating play world package: /Game/ThirdPersonBP/Maps/UEDPIE_0_Teaser
[2019.02.28-00.49.45:589][526]LogPlayLevel: PIE: StaticDuplicateObject took: (0.035494s)
[2019.02.28-00.49.45:590][526]LogAIModule: Creating AISystem for world Teaser
[2019.02.28-00.49.45:590][526]LogPlayLevel: PIE: World Init took: (0.001323s)
[2019.02.28-00.49.45:590][526]LogPlayLevel: PIE: Created PIE world by copying editor world from /Game/ThirdPersonBP/Maps/Teaser.Teaser to /Game/ThirdPersonBP/Maps/UEDPIE_0_Teaser.Teaser (0.037300s)
[2019.02.28-00.49.45:667][526]LogInit: XAudio2 using 'Speakers / Headphones (Realtek High Definition Audio)' : 2 channels at 48 kHz using 32 bits per sample (channel mask 0x3)
[2019.02.28-00.49.45:686][526]LogInit: FAudioDevice initialized.
[2019.02.28-00.49.45:687][526]LogSlate: Updating window title bar state: overlay mode, drag disabled, window buttons hidden, title bar hidden
[2019.02.28-00.49.45:768][526]LogConfig: Applying CVar settings from Section [ViewDistanceQuality@Cine] File [E:/Unreal Projects/Prototyping_sleep/Saved/Config/Windows/Scalability.ini]
[2019.02.28-00.49.45:768][526]LogConfig: Setting CVar [[r.SkeletalMeshLODBias:0]]
[2019.02.28-00.49.45:768][526]LogConfig: Setting CVar [[r.ViewDistanceScale:10.0]]
[2019.02.28-00.49.45:768][526]LogConfig: Applying CVar settings from Section [AntiAliasingQuality@Cine] File [E:/Unreal Projects/Prototyping_sleep/Saved/Config/Windows/Scalability.ini]
[2019.02.28-00.49.45:768][526]LogConfig: Setting CVar [[r.PostProcessAAQuality:6]]
[2019.02.28-00.49.45:768][526]LogConfig: Applying CVar settings from Section [ShadowQuality@Cine] File [E:/Unreal Projects/Prototyping_sleep/Saved/Config/Windows/Scalability.ini]
[2019.02.28-00.49.45:768][526]LogConfig: Setting CVar [[r.LightFunctionQuality:1]]
[2019.02.28-00.49.45:768][526]LogConfig: Setting CVar [[r.ShadowQuality:5]]
[2019.02.28-00.49.45:768][526]LogConfig: Setting CVar [[r.Shadow.CSM.MaxCascades:10]]
[2019.02.28-00.49.45:768][526]LogConfig: Setting CVar [[r.Shadow.MaxResolution:4096]]
[2019.02.28-00.49.45:768][526]LogConfig: Setting CVar [[r.Shadow.MaxCSMResolution:4096]]
[2019.02.28-00.49.45:768][526]LogConfig: Setting CVar [[r.Shadow.RadiusThreshold:0]]
[2019.02.28-00.49.45:768][526]LogConfig: Setting CVar [[r.Shadow.DistanceScale:1.0]]
[2019.02.28-00.49.45:768][526]LogConfig: Setting CVar [[r.Shadow.CSM.TransitionScale:1.0]]
[2019.02.28-00.49.45:768][526]LogConfig: Setting CVar [[r.Shadow.PreShadowResolutionFactor:1.0]]
[2019.02.28-00.49.45:768][526]LogConfig: Setting CVar [[r.DistanceFieldShadowing:1]]
[2019.02.28-00.49.45:768][526]LogConfig: Setting CVar [[r.DistanceFieldAO:1]]
[2019.02.28-00.49.45:768][526]LogConfig: Setting CVar [[r.AOQuality:2]]
[2019.02.28-00.49.45:769][526]LogConfig: Setting CVar [[r.VolumetricFog:1]]
[2019.02.28-00.49.45:769][526]LogConfig: Setting CVar [[r.VolumetricFog.GridPixelSize:4]]
[2019.02.28-00.49.45:769][526]LogConfig: Setting CVar [[r.VolumetricFog.GridSizeZ:128]]
[2019.02.28-00.49.45:769][526]LogConfig: Setting CVar [[r.VolumetricFog.HistoryMissSupersampleCount:16]]
[2019.02.28-00.49.45:769][526]LogConfig: Setting CVar [[r.LightMaxDrawDistanceScale:1]]
[2019.02.28-00.49.45:769][526]LogConfig: Setting CVar [[r.CapsuleShadows:1]]
[2019.02.28-00.49.45:769][526]LogConfig: Applying CVar settings from Section [PostProcessQuality@Cine] File [E:/Unreal Projects/Prototyping_sleep/Saved/Config/Windows/Scalability.ini]
[2019.02.28-00.49.45:769][526]LogConfig: Setting CVar [[r.MotionBlurQuality:4]]
[2019.02.28-00.49.45:769][526]LogConfig: Setting CVar [[r.AmbientOcclusionMipLevelFactor:0.4]]
[2019.02.28-00.49.45:769][526]LogConfig: Setting CVar [[r.AmbientOcclusionMaxQuality:100]]
[2019.02.28-00.49.45:769][526]LogConfig: Setting CVar [[r.AmbientOcclusionLevels:-1]]
[2019.02.28-00.49.45:769][526]LogConfig: Setting CVar [[r.AmbientOcclusionRadiusScale:1.0]]
[2019.02.28-00.49.45:769][526]LogConfig: Setting CVar [[r.DepthOfFieldQuality:4]]
[2019.02.28-00.49.45:769][526]LogConfig: Setting CVar [[r.RenderTargetPoolMin:1000]]
[2019.02.28-00.49.45:769][526]LogConfig: Setting CVar [[r.LensFlareQuality:3]]
[2019.02.28-00.49.45:769][526]LogConfig: Setting CVar [[r.SceneColorFringeQuality:1]]
[2019.02.28-00.49.45:769][526]LogConfig: Setting CVar [[r.EyeAdaptationQuality:2]]
[2019.02.28-00.49.45:769][526]LogConfig: Setting CVar [[r.BloomQuality:5]]
[2019.02.28-00.49.45:769][526]LogConfig: Setting CVar [[r.FastBlurThreshold:100]]
[2019.02.28-00.49.45:769][526]LogConfig: Setting CVar [[r.Upscale.Quality:3]]
[2019.02.28-00.49.45:769][526]LogConfig: Setting CVar [[r.Tonemapper.GrainQuantization:1]]
[2019.02.28-00.49.45:769][526]LogConfig: Setting CVar [[r.LightShaftQuality:1]]
[2019.02.28-00.49.45:769][526]LogConfig: Setting CVar [[r.Filter.SizeScale:1]]
[2019.02.28-00.49.45:769][526]LogConfig: Setting CVar [[r.Tonemapper.Quality:5]]
[2019.02.28-00.49.45:769][526]LogConfig: Setting CVar [[r.DOF.Gather.AccumulatorQuality:1        ; higher gathering accumulator quality]]
[2019.02.28-00.49.45:769][526]LogConfig: Setting CVar [[r.DOF.Gather.PostfilterMethod:1          ; Median3x3 postfilering method]]
[2019.02.28-00.49.45:769][526]LogConfig: Setting CVar [[r.DOF.Gather.EnableBokehSettings:1       ; bokeh simulation when gathering]]
[2019.02.28-00.49.45:770][526]LogConfig: Setting CVar [[r.DOF.Gather.RingCount:5                 ; high number of samples when gathering]]
[2019.02.28-00.49.45:770][526]LogConfig: Setting CVar [[r.DOF.Scatter.ForegroundCompositing:1    ; additive foreground scattering]]
[2019.02.28-00.49.45:770][526]LogConfig: Setting CVar [[r.DOF.Scatter.BackgroundCompositing:2    ; background scattering occlusion]]
[2019.02.28-00.49.45:770][526]LogConfig: Setting CVar [[r.DOF.Scatter.EnableBokehSettings:1      ; no bokeh simulation when scattering]]
[2019.02.28-00.49.45:770][526]LogConfig: Setting CVar [[r.DOF.Scatter.MaxSpriteRatio:0.1         ; only a maximum of 10% of scattered bokeh]]
[2019.02.28-00.49.45:770][526]LogConfig: Setting CVar [[r.DOF.Recombine.Quality:2                ; highest slight out of focus]]
[2019.02.28-00.49.45:770][526]LogConfig: Setting CVar [[r.DOF.Recombine.EnableBokehSettings:1    ; bokeh simulation on slight out of focus]]
[2019.02.28-00.49.45:770][526]LogConfig: Setting CVar [[r.DOF.TemporalAAQuality:1                ; more stable temporal accumulation]]
[2019.02.28-00.49.45:770][526]LogConfig: Setting CVar [[r.DOF.Kernel.MaxForegroundRadius:0.025]]
[2019.02.28-00.49.45:770][526]LogConfig: Setting CVar [[r.DOF.Kernel.MaxBackgroundRadius:0.025]]
[2019.02.28-00.49.45:770][526]LogConfig: Applying CVar settings from Section [TextureQuality@Cine] File [E:/Unreal Projects/Prototyping_sleep/Saved/Config/Windows/Scalability.ini]
[2019.02.28-00.49.45:770][526]LogConfig: Setting CVar [[r.Streaming.MipBias:0]]
[2019.02.28-00.49.45:770][526]LogConfig: Setting CVar [[r.Streaming.AmortizeCPUToGPUCopy:0]]
[2019.02.28-00.49.45:770][526]LogConfig: Setting CVar [[r.Streaming.MaxNumTexturesToStreamPerFrame:0]]
[2019.02.28-00.49.45:770][526]LogConfig: Setting CVar [[r.Streaming.Boost:1]]
[2019.02.28-00.49.45:770][526]LogConfig: Setting CVar [[r.MaxAnisotropy:8]]
[2019.02.28-00.49.45:770][526]LogConfig: Setting CVar [[r.Streaming.LimitPoolSizeToVRAM:0]]
[2019.02.28-00.49.45:770][526]LogConfig: Setting CVar [[r.Streaming.PoolSize:3000]]
[2019.02.28-00.49.45:770][526]LogConsoleManager: Warning: Setting the console variable 'r.Streaming.PoolSize' with 'SetByScalability' was ignored as it is lower priority than the previous 'SetByConsole'. Value remains '-1'
[2019.02.28-00.49.45:770][526]LogConfig: Setting CVar [[r.Streaming.MaxEffectiveScreenSize:0]]
[2019.02.28-00.49.45:770][526]LogConfig: Applying CVar settings from Section [EffectsQuality@Cine] File [E:/Unreal Projects/Prototyping_sleep/Saved/Config/Windows/Scalability.ini]
[2019.02.28-00.49.45:770][526]LogConfig: Setting CVar [[r.TranslucencyLightingVolumeDim:64]]
[2019.02.28-00.49.45:770][526]LogConfig: Setting CVar [[r.RefractionQuality:2]]
[2019.02.28-00.49.45:770][526]LogConfig: Setting CVar [[r.SSR.Quality:4]]
[2019.02.28-00.49.45:770][526]LogConfig: Setting CVar [[r.SceneColorFormat:4]]
[2019.02.28-00.49.45:770][526]LogConfig: Setting CVar [[r.DetailMode:2]]
[2019.02.28-00.49.45:770][526]LogConfig: Setting CVar [[r.TranslucencyVolumeBlur:1]]
[2019.02.28-00.49.45:771][526]LogConfig: Setting CVar [[r.MaterialQualityLevel:1 ; High quality]]
[2019.02.28-00.49.45:771][526]LogConfig: Setting CVar [[r.SSS.Scale:1]]
[2019.02.28-00.49.45:771][526]LogConfig: Setting CVar [[r.SSS.SampleSet:2]]
[2019.02.28-00.49.45:771][526]LogConfig: Setting CVar [[r.SSS.Quality:1]]
[2019.02.28-00.49.45:771][526]LogConfig: Setting CVar [[r.SSS.HalfRes:0]]
[2019.02.28-00.49.45:771][526]LogConfig: Setting CVar [[r.EmitterSpawnRateScale:1.0]]
[2019.02.28-00.49.45:771][526]LogConfig: Setting CVar [[r.ParticleLightQuality:2]]
[2019.02.28-00.49.45:771][526]LogConfig: Applying CVar settings from Section [FoliageQuality@Cine] File [E:/Unreal Projects/Prototyping_sleep/Saved/Config/Windows/Scalability.ini]
[2019.02.28-00.49.45:771][526]LogConfig: Setting CVar [[foliage.DensityScale:1.0]]
[2019.02.28-00.49.45:771][526]LogConfig: Setting CVar [[grass.DensityScale:1.0]]
[2019.02.28-00.49.45:787][526]LogLoad: Game class is 'GameModeBase'
[2019.02.28-00.49.45:791][526]LogBlueprintUserMessages: [ThirdPerson_AnimBP_Custom_C_0] SpeenAnim 0.0
[2019.02.28-00.49.45:792][526]LogWorld: Bringing World /Game/ThirdPersonBP/Maps/UEDPIE_0_Teaser.Teaser up for play (max tick rate 0) at 2019.02.27-19.49.45
[2019.02.28-00.49.45:793][526]LogWorld: Bringing up level for play took: 0.004342
[2019.02.28-00.49.45:847][526]LogContentBrowser: Native class hierarchy updated for 'MovieSceneCapture' in 0.0004 seconds. Added 20 classes and 0 folders.
[2019.02.28-00.49.45:855][526]PIE: Play in editor start time for /Game/ThirdPersonBP/Maps/UEDPIE_0_Teaser 0.88
[2019.02.28-00.49.45:856][526]LogBlueprintUserMessages: Late PlayInEditor Detection: Level '/Game/ThirdPersonBP/Maps/Teaser.Teaser:PersistentLevel' has LevelScriptBlueprint '/Game/ThirdPersonBP/Maps/Teaser.Teaser:PersistentLevel.Teaser' with GeneratedClass '/Game/ThirdPersonBP/Maps/Teaser.Teaser_C' with ClassGeneratedBy '/Game/ThirdPersonBP/Maps/Teaser.Teaser:PersistentLevel.Teaser'
[2019.02.28-00.49.45:856][526]LogBlueprintUserMessages: [ThirdPersonCharacter_167] inputX0.0
[2019.02.28-00.49.45:856][526]LogBlueprintUserMessages: [ThirdPersonCharacter_167] inputZ0.0
[2019.02.28-00.49.45:857][526]LogBlueprintUserMessages: [ThirdPerson_AnimBP_Custom_C_0] SpeenAnim 0.0
[2019.02.28-00.49.45:857][526]LogBlueprintUserMessages: [ThirdPersonCharacter_167] DebugDirection 0.0
[2019.02.28-00.49.45:884][526]LogRenderer: Reallocating scene render targets to support 3840x2160 Format 10 NumSamples 1 (Frame:1).
[2019.02.28-00.49.46:961][527]LogBlueprintUserMessages: [ThirdPersonCharacter_167] inputX0.0
[2019.02.28-00.49.46:961][527]LogBlueprintUserMessages: [ThirdPersonCharacter_167] inputZ0.0
[2019.02.28-00.49.46:961][527]LogBlueprintUserMessages: [ThirdPerson_AnimBP_Custom_C_0] SpeenAnim 0.0
[2019.02.28-00.49.46:993][527]LogBlueprintUserMessages: [ThirdPersonCharacter_167] DebugDirection 0.000153
[2019.02.28-00.49.47:009][527]LogRenderer: Reallocating scene render targets to support 3840x2160 Format 10 NumSamples 1 (Frame:2).
[2019.02.28-00.49.48:117][528]LogBlueprintUserMessages: [ThirdPersonCharacter_167] inputX0.0
[2019.02.28-00.49.48:117][528]LogBlueprintUserMessages: [ThirdPersonCharacter_167] inputZ0.0
[2019.02.28-00.49.48:118][528]LogBlueprintUserMessages: [ThirdPerson_AnimBP_Custom_C_0] SpeenAnim 0.0
[2019.02.28-00.49.48:118][528]LogBlueprintUserMessages: [ThirdPersonCharacter_167] DebugDirection 0.000153
[2019.02.28-00.49.48:916][529]LogBlueprintUserMessages: [ThirdPersonCharacter_167] inputX0.0
[2019.02.28-00.49.48:916][529]LogBlueprintUserMessages: [ThirdPersonCharacter_167] inputZ0.0
[2019.02.28-00.49.48:916][529]LogBlueprintUserMessages: [ThirdPerson_AnimBP_Custom_C_0] SpeenAnim 0.0
[2019.02.28-00.49.48:917][529]LogBlueprintUserMessages: [ThirdPersonCharacter_167] DebugDirection 0.000153
[2019.02.28-00.49.49:854][530]LogBlueprintUserMessages: [ThirdPersonCharacter_167] inputX0.0
[2019.02.28-00.49.49:855][530]LogBlueprintUserMessages: [ThirdPersonCharacter_167] inputZ0.0
[2019.02.28-00.49.49:855][530]LogBlueprintUserMessages: [ThirdPerson_AnimBP_Custom_C_0] SpeenAnim 0.0
[2019.02.28-00.49.49:855][530]LogBlueprintUserMessages: [ThirdPersonCharacter_167] DebugDirection 0.000153
[2019.02.28-00.49.50:675][531]LogBlueprintUserMessages: [ThirdPersonCharacter_167] inputX0.0
[2019.02.28-00.49.50:675][531]LogBlueprintUserMessages: [ThirdPersonCharacter_167] inputZ0.0
[2019.02.28-00.49.50:675][531]LogBlueprintUserMessages: [ThirdPerson_AnimBP_Custom_C_0] SpeenAnim 0.0
[2019.02.28-00.49.50:676][531]LogBlueprintUserMessages: [ThirdPersonCharacter_167] DebugDirection 0.000153
[2019.02.28-00.49.51:658][532]LogBlueprintUserMessages: [ThirdPersonCharacter_167] inputX0.0
[2019.02.28-00.49.51:658][532]LogBlueprintUserMessages: [ThirdPersonCharacter_167] inputZ0.0
[2019.02.28-00.49.51:659][532]LogBlueprintUserMessages: [ThirdPerson_AnimBP_Custom_C_0] SpeenAnim 0.0
[2019.02.28-00.49.51:660][532]LogBlueprintUserMessages: [ThirdPersonCharacter_167] DebugDirection 0.000153
[2019.02.28-00.49.52:032][532]LogContentStreaming: Texture pool size now 2812 MB
[2019.02.28-00.49.52:302][533]LogBlueprintUserMessages: [ThirdPersonCharacter_167] inputX0.0
[2019.02.28-00.49.52:303][533]LogBlueprintUserMessages: [ThirdPersonCharacter_167] inputZ0.0
[2019.02.28-00.49.52:303][533]LogBlueprintUserMessages: [ThirdPerson_AnimBP_Custom_C_0] SpeenAnim 0.0
[2019.02.28-00.49.52:303][533]LogBlueprintUserMessages: [ThirdPersonCharacter_167] DebugDirection 0.000153
[2019.02.28-00.49.52:971][534]LogBlueprintUserMessages: [ThirdPersonCharacter_167] inputX0.0
[2019.02.28-00.49.52:971][534]LogBlueprintUserMessages: [ThirdPersonCharacter_167] inputZ0.0
[2019.02.28-00.49.52:971][534]LogBlueprintUserMessages: [ThirdPerson_AnimBP_Custom_C_0] SpeenAnim 0.0
[2019.02.28-00.49.52:972][534]LogBlueprintUserMessages: [ThirdPersonCharacter_167] DebugDirection 0.000153
[2019.02.28-00.49.53:726][535]LogBlueprintUserMessages: [ThirdPersonCharacter_167] inputX0.0
[2019.02.28-00.49.53:727][535]LogBlueprintUserMessages: [ThirdPersonCharacter_167] inputZ0.0
[2019.02.28-00.49.53:727][535]LogBlueprintUserMessages: [ThirdPerson_AnimBP_Custom_C_0] SpeenAnim 0.0
[2019.02.28-00.49.53:728][535]LogBlueprintUserMessages: [ThirdPersonCharacter_167] DebugDirection 0.000153
[2019.02.28-00.49.54:435][536]LogBlueprintUserMessages: [ThirdPersonCharacter_167] inputX0.0
[2019.02.28-00.49.54:435][536]LogBlueprintUserMessages: [ThirdPersonCharacter_167] inputZ0.0
[2019.02.28-00.49.54:435][536]LogBlueprintUserMessages: [ThirdPerson_AnimBP_Custom_C_0] SpeenAnim 0.0
[2019.02.28-00.49.54:436][536]LogBlueprintUserMessages: [ThirdPersonCharacter_167] DebugDirection 0.000153
[2019.02.28-00.49.54:818][537]LogBlueprintUserMessages: [ThirdPersonCharacter_167] inputX0.0
[2019.02.28-00.49.54:818][537]LogBlueprintUserMessages: [ThirdPersonCharacter_167] inputZ0.0
[2019.02.28-00.49.54:818][537]LogBlueprintUserMessages: [ThirdPerson_AnimBP_Custom_C_0] SpeenAnim 0.0
[2019.02.28-00.49.54:818][537]LogBlueprintUserMessages: [ThirdPersonCharacter_167] DebugDirection 0.000153
[2019.02.28-00.49.55:204][538]LogBlueprintUserMessages: [ThirdPersonCharacter_167] inputX0.0
[2019.02.28-00.49.55:204][538]LogBlueprintUserMessages: [ThirdPersonCharacter_167] inputZ0.0
[2019.02.28-00.49.55:204][538]LogBlueprintUserMessages: [ThirdPerson_AnimBP_Custom_C_0] SpeenAnim 0.0
[2019.02.28-00.49.55:204][538]LogBlueprintUserMessages: [ThirdPersonCharacter_167] DebugDirection 0.000153
[2019.02.28-00.49.55:588][539]LogBlueprintUserMessages: [ThirdPersonCharacter_167] inputX0.0
[2019.02.28-00.49.55:588][539]LogBlueprintUserMessages: [ThirdPersonCharacter_167] inputZ0.0
[2019.02.28-00.49.55:588][539]LogBlueprintUserMessages: [ThirdPerson_AnimBP_Custom_C_0] SpeenAnim 0.0
[2019.02.28-00.49.55:589][539]LogBlueprintUserMessages: [ThirdPersonCharacter_167] DebugDirection 0.000153
[2019.02.28-00.49.56:026][540]LogBlueprintUserMessages: [ThirdPersonCharacter_167] inputX0.0
[2019.02.28-00.49.56:026][540]LogBlueprintUserMessages: [ThirdPersonCharacter_167] inputZ0.0
[2019.02.28-00.49.56:026][540]LogBlueprintUserMessages: [ThirdPerson_AnimBP_Custom_C_0] SpeenAnim 0.0
[2019.02.28-00.49.56:027][540]LogBlueprintUserMessages: [ThirdPersonCharacter_167] DebugDirection 0.000153
[2019.02.28-00.49.56:725][541]LogBlueprintUserMessages: [ThirdPersonCharacter_167] inputX0.0
[2019.02.28-00.49.56:725][541]LogBlueprintUserMessages: [ThirdPersonCharacter_167] inputZ0.0
[2019.02.28-00.49.56:726][541]LogBlueprintUserMessages: [ThirdPerson_AnimBP_Custom_C_0] SpeenAnim 0.0
[2019.02.28-00.49.56:726][541]LogBlueprintUserMessages: [ThirdPersonCharacter_167] DebugDirection 0.000153
[2019.02.28-00.49.57:357][542]LogBlueprintUserMessages: [ThirdPersonCharacter_167] inputX0.0
[2019.02.28-00.49.57:357][542]LogBlueprintUserMessages: [ThirdPersonCharacter_167] inputZ0.0
[2019.02.28-00.49.57:357][542]LogBlueprintUserMessages: [ThirdPerson_AnimBP_Custom_C_0] SpeenAnim 0.0
[2019.02.28-00.49.57:358][542]LogBlueprintUserMessages: [ThirdPersonCharacter_167] DebugDirection 0.000153
[2019.02.28-00.49.57:753][543]LogBlueprintUserMessages: [ThirdPersonCharacter_167] inputX0.0
[2019.02.28-00.49.57:753][543]LogBlueprintUserMessages: [ThirdPersonCharacter_167] inputZ0.0
[2019.02.28-00.49.57:753][543]LogBlueprintUserMessages: [ThirdPerson_AnimBP_Custom_C_0] SpeenAnim 0.0
[2019.02.28-00.49.57:753][543]LogBlueprintUserMessages: [ThirdPersonCharacter_167] DebugDirection 0.000153
[2019.02.28-00.49.58:146][544]LogBlueprintUserMessages: [ThirdPersonCharacter_167] inputX0.0
[2019.02.28-00.49.58:146][544]LogBlueprintUserMessages: [ThirdPersonCharacter_167] inputZ0.0
[2019.02.28-00.49.58:147][544]LogBlueprintUserMessages: [ThirdPerson_AnimBP_Custom_C_0] SpeenAnim 0.0
[2019.02.28-00.49.58:147][544]LogBlueprintUserMessages: [ThirdPersonCharacter_167] DebugDirection 0.000153
[2019.02.28-00.49.58:551][545]LogBlueprintUserMessages: [ThirdPersonCharacter_167] inputX0.0
[2019.02.28-00.49.58:552][545]LogBlueprintUserMessages: [ThirdPersonCharacter_167] inputZ0.0
[2019.02.28-00.49.58:552][545]LogBlueprintUserMessages: [ThirdPerson_AnimBP_Custom_C_0] SpeenAnim 0.0
[2019.02.28-00.49.58:552][545]LogBlueprintUserMessages: [ThirdPersonCharacter_167] DebugDirection 0.000153
[2019.02.28-00.49.58:991][546]LogBlueprintUserMessages: [ThirdPersonCharacter_167] inputX0.0
[2019.02.28-00.49.58:992][546]LogBlueprintUserMessages: [ThirdPersonCharacter_167] inputZ0.0
[2019.02.28-00.49.58:992][546]LogBlueprintUserMessages: [ThirdPerson_AnimBP_Custom_C_0] SpeenAnim 0.0
[2019.02.28-00.49.58:992][546]LogBlueprintUserMessages: [ThirdPersonCharacter_167] DebugDirection 0.000153
[2019.02.28-00.49.59:388][547]LogBlueprintUserMessages: [ThirdPersonCharacter_167] inputX0.0
[2019.02.28-00.49.59:388][547]LogBlueprintUserMessages: [ThirdPersonCharacter_167] inputZ0.0
[2019.02.28-00.49.59:388][547]LogBlueprintUserMessages: [ThirdPerson_AnimBP_Custom_C_0] SpeenAnim 0.0
[2019.02.28-00.49.59:389][547]LogBlueprintUserMessages: [ThirdPersonCharacter_167] DebugDirection 0.000153
[2019.02.28-00.49.59:780][548]LogBlueprintUserMessages: [ThirdPersonCharacter_167] inputX0.0
[2019.02.28-00.49.59:780][548]LogBlueprintUserMessages: [ThirdPersonCharacter_167] inputZ0.0
[2019.02.28-00.49.59:780][548]LogBlueprintUserMessages: [ThirdPerson_AnimBP_Custom_C_0] SpeenAnim 0.0
[2019.02.28-00.49.59:781][548]LogBlueprintUserMessages: [ThirdPersonCharacter_167] DebugDirection 0.000153
[2019.02.28-00.50.00:180][549]LogBlueprintUserMessages: [ThirdPersonCharacter_167] inputX0.0
[2019.02.28-00.50.00:181][549]LogBlueprintUserMessages: [ThirdPersonCharacter_167] inputZ0.0
[2019.02.28-00.50.00:181][549]LogBlueprintUserMessages: [ThirdPerson_AnimBP_Custom_C_0] SpeenAnim 0.0
[2019.02.28-00.50.00:181][549]LogBlueprintUserMessages: [ThirdPersonCharacter_167] DebugDirection 0.000153
[2019.02.28-00.50.00:572][550]LogBlueprintUserMessages: [ThirdPersonCharacter_167] inputX0.0
[2019.02.28-00.50.00:572][550]LogBlueprintUserMessages: [ThirdPersonCharacter_167] inputZ0.0
[2019.02.28-00.50.00:572][550]LogBlueprintUserMessages: [ThirdPerson_AnimBP_Custom_C_0] SpeenAnim 0.0
[2019.02.28-00.50.00:573][550]LogBlueprintUserMessages: [ThirdPersonCharacter_167] DebugDirection 0.000153
[2019.02.28-00.50.00:967][551]LogBlueprintUserMessages: [ThirdPersonCharacter_167] inputX0.0
[2019.02.28-00.50.00:967][551]LogBlueprintUserMessages: [ThirdPersonCharacter_167] inputZ0.0
[2019.02.28-00.50.00:967][551]LogBlueprintUserMessages: [ThirdPerson_AnimBP_Custom_C_0] SpeenAnim 0.0
[2019.02.28-00.50.00:968][551]LogBlueprintUserMessages: [ThirdPersonCharacter_167] DebugDirection 0.000153
[2019.02.28-00.50.01:459][552]LogBlueprintUserMessages: [ThirdPersonCharacter_167] inputX0.0
[2019.02.28-00.50.01:459][552]LogBlueprintUserMessages: [ThirdPersonCharacter_167] inputZ0.0
[2019.02.28-00.50.01:459][552]LogBlueprintUserMessages: [ThirdPerson_AnimBP_Custom_C_0] SpeenAnim 0.0
[2019.02.28-00.50.01:460][552]LogBlueprintUserMessages: [ThirdPersonCharacter_167] DebugDirection 0.000153
[2019.02.28-00.50.01:856][553]LogBlueprintUserMessages: [ThirdPersonCharacter_167] inputX0.0
[2019.02.28-00.50.01:856][553]LogBlueprintUserMessages: [ThirdPersonCharacter_167] inputZ0.0
[2019.02.28-00.50.01:856][553]LogBlueprintUserMessages: [ThirdPerson_AnimBP_Custom_C_0] SpeenAnim 0.0
[2019.02.28-00.50.01:857][553]LogBlueprintUserMessages: [ThirdPersonCharacter_167] DebugDirection 0.000153
[2019.02.28-00.50.02:284][554]LogBlueprintUserMessages: [ThirdPersonCharacter_167] inputX0.0
[2019.02.28-00.50.02:284][554]LogBlueprintUserMessages: [ThirdPersonCharacter_167] inputZ0.0
[2019.02.28-00.50.02:284][554]LogBlueprintUserMessages: [ThirdPerson_AnimBP_Custom_C_0] SpeenAnim 0.0
[2019.02.28-00.50.02:285][554]LogBlueprintUserMessages: [ThirdPersonCharacter_167] DebugDirection 0.000153
[2019.02.28-00.50.02:641][555]LogBlueprintUserMessages: [ThirdPersonCharacter_167] inputX0.0
[2019.02.28-00.50.02:641][555]LogBlueprintUserMessages: [ThirdPersonCharacter_167] inputZ0.0
[2019.02.28-00.50.02:641][555]LogBlueprintUserMessages: [ThirdPerson_AnimBP_Custom_C_0] SpeenAnim 0.0
[2019.02.28-00.50.02:641][555]LogBlueprintUserMessages: [ThirdPersonCharacter_167] DebugDirection 0.000153
