Log file open, 03/03/19 23:49:12
LogWindows: Failed to load 'aqProf.dll' (GetLastError=126)
LogWindows: File 'aqProf.dll' does not exist
LogWindows: Failed to load 'VtuneApi.dll' (GetLastError=126)
LogWindows: File 'VtuneApi.dll' does not exist
LogWindows: Failed to load 'VtuneApi32e.dll' (GetLastError=126)
LogWindows: File 'VtuneApi32e.dll' does not exist
LogConsoleResponse: Display: Failed to find resolution value strings in scalability ini. Falling back to default.
LogInit: Display: Running engine for game: Prototyping_sleep
LogPakFile: Registered encryption key '00000000000000000000000000000000': 0 pak files mounted, 0 remain pending
LogPlatformFile: Not using cached read wrapper
LogTaskGraph: Started task graph with 5 named threads and 23 total threads with 3 sets of task threads.
LogStats: Stats thread started at 0.271078
LogD3D11RHI: Loaded GFSDK_Aftermath_Lib.x64.dll
LogICUInternationalization: ICU TimeZone Detection - Raw Offset: -5:00, Platform Override: ''
LogPluginManager: Mounting plugin Paper2D
LogPluginManager: Mounting plugin AISupport
LogPluginManager: Mounting plugin LightPropagationVolume
LogPluginManager: Mounting plugin ActorLayerUtilities
LogPluginManager: Mounting plugin CLionSourceCodeAccess
LogPluginManager: Mounting plugin CodeLiteSourceCodeAccess
LogPluginManager: Mounting plugin GitSourceControl
LogPluginManager: Mounting plugin KDevelopSourceCodeAccess
LogPluginManager: Mounting plugin NullSourceCodeAccess
LogPluginManager: Mounting plugin PerforceSourceControl
LogPluginManager: Mounting plugin SubversionSourceControl
LogPluginManager: Mounting plugin UObjectPlugin
LogPluginManager: Mounting plugin VisualStudioCodeSourceCodeAccess
LogPluginManager: Mounting plugin VisualStudioSourceCodeAccess
LogPluginManager: Mounting plugin XCodeSourceCodeAccess
LogPluginManager: Mounting plugin AssetManagerEditor
LogPluginManager: Mounting plugin CryptoKeys
LogPluginManager: Mounting plugin DataValidation
LogPluginManager: Mounting plugin FacialAnimation
LogPluginManager: Mounting plugin GameplayTagsEditor
LogPluginManager: Mounting plugin MacGraphicsSwitching
LogPluginManager: Mounting plugin MeshEditor
LogPluginManager: Mounting plugin MobileLauncherProfileWizard
LogPluginManager: Mounting plugin PluginBrowser
LogPluginManager: Mounting plugin SpeedTreeImporter
LogPluginManager: Mounting plugin DatasmithContent
LogPluginManager: Mounting plugin VariantManagerContent
LogPluginManager: Mounting plugin AlembicImporter
LogPluginManager: Mounting plugin AppleImageUtils
LogPluginManager: Mounting plugin AppleVision
LogPluginManager: Mounting plugin BackChannel
LogPluginManager: Mounting plugin CharacterAI
LogPluginManager: Mounting plugin GeometryCache
LogPluginManager: Mounting plugin HTML5Networking
LogPluginManager: Mounting plugin ProxyLODPlugin
LogPluginManager: Mounting plugin MagicLeap
LogPluginManager: Mounting plugin MagicLeapMedia
LogPluginManager: Mounting plugin AndroidMedia
LogPluginManager: Mounting plugin AvfMedia
LogPluginManager: Mounting plugin ImgMedia
LogPluginManager: Mounting plugin LinearTimecode
LogPluginManager: Mounting plugin MediaCompositing
LogPluginManager: Mounting plugin MediaPlayerEditor
LogPluginManager: Mounting plugin WebMMedia
LogPluginManager: Mounting plugin WmfMedia
LogPluginManager: Mounting plugin TcpMessaging
LogPluginManager: Mounting plugin UdpMessaging
LogPluginManager: Mounting plugin ActorSequence
LogPluginManager: Mounting plugin LevelSequenceEditor
LogPluginManager: Mounting plugin MatineeToLevelSequence
LogPluginManager: Mounting plugin NetcodeUnitTest
LogPluginManager: Mounting plugin NUTUnrealEngine4
LogPluginManager: Mounting plugin OnlineSubsystemGooglePlay
LogPluginManager: Mounting plugin OnlineSubsystemIOS
LogPluginManager: Mounting plugin OnlineSubsystem
LogPluginManager: Mounting plugin OnlineSubsystemNull
LogPluginManager: Mounting plugin OnlineSubsystemUtils
LogPluginManager: Mounting plugin LauncherChunkInstaller
LogPluginManager: Mounting plugin AndroidDeviceProfileSelector
LogPluginManager: Mounting plugin AndroidMoviePlayer
LogPluginManager: Mounting plugin AndroidPermission
LogPluginManager: Mounting plugin AppleMoviePlayer
LogPluginManager: Mounting plugin ArchVisCharacter
LogPluginManager: Mounting plugin AudioCapture
LogPluginManager: Mounting plugin CableComponent
LogPluginManager: Mounting plugin CustomMeshComponent
LogPluginManager: Mounting plugin EditableMesh
LogPluginManager: Mounting plugin ExampleDeviceProfileSelector
LogPluginManager: Mounting plugin Firebase
LogPluginManager: Mounting plugin GoogleCloudMessaging
LogPluginManager: Mounting plugin IOSDeviceProfileSelector
LogPluginManager: Mounting plugin LinuxDeviceProfileSelector
LogPluginManager: Mounting plugin LocationServicesBPLibrary
LogPluginManager: Mounting plugin MobilePatchingUtils
LogPluginManager: Mounting plugin OculusVR
LogPluginManager: Mounting plugin PhysXVehicles
LogPluginManager: Mounting plugin ProceduralMeshComponent
LogPluginManager: Mounting plugin RuntimePhysXCooking
LogPluginManager: Mounting plugin SteamVR
LogPluginManager: Mounting plugin WebMMoviePlayer
LogPluginManager: Mounting plugin WindowsMoviePlayer
LogStreaming: Display: Took  0.085s to configure plugins.
LogInit: Using libcurl 7.55.1-DEV
LogInit:  - built for x86_64-pc-win32
LogInit:  - supports SSL with OpenSSL/1.0.2h
LogInit:  - supports HTTP deflate (compression) using libz 1.2.8
LogInit:  - other features:
LogInit:      CURL_VERSION_SSL
LogInit:      CURL_VERSION_LIBZ
LogInit:      CURL_VERSION_IPV6
LogInit:      CURL_VERSION_ASYNCHDNS
LogInit:      CURL_VERSION_LARGEFILE
LogInit:      CURL_VERSION_IDN
LogInit:  CurlRequestOptions (configurable via config and command line):
LogInit:  - bVerifyPeer = true  - Libcurl will verify peer certificate
LogInit:  - bUseHttpProxy = false  - Libcurl will NOT use HTTP proxy
LogInit:  - bDontReuseConnections = false  - Libcurl will reuse connections
LogInit:  - MaxHostConnections = 16  - Libcurl will limit the number of connections to a host
LogInit:  - LocalHostAddr = Default
LogInit:  - BufferSize = 65536
LogInit: WinSock: version 1.1 (2.2), MaxSocks=32767, MaxUdp=65467
LogInit: Build: ++UE4+Release-4.21-CL-4753647
LogInit: Engine Version: 4.21.2-4753647+++UE4+Release-4.21
LogInit: Compatible Engine Version: 4.21.0-4541578+++UE4+Release-4.21
LogInit: Net CL: 4541578
LogInit: OS: Windows 10 (), CPU:         Intel(R) Core(TM) i7-3770 CPU @ 3.40GHz, GPU: NVIDIA GeForce GTX 1050 Ti
LogInit: Compiled (64-bit): Jan 19 2019 02:07:31
LogInit: Compiled with Visual C++: 19.13.26129.00
LogInit: Build Configuration: Development
LogInit: Branch Name: ++UE4+Release-4.21
LogInit: Command Line: 
LogInit: Base Directory: J:/Epic/Engines/UE_4.21/Engine/Binaries/Win64/
LogInit: Installed Engine Build: 1
LogDevObjectVersion: Number of dev versions registered: 22
LogDevObjectVersion:   Dev-Blueprints (B0D832E4-1F89-4F0D-ACCF-7EB736FD4AA2): 10
LogDevObjectVersion:   Dev-Build (E1C64328-A22C-4D53-A36C-8E866417BD8C): 0
LogDevObjectVersion:   Dev-Core (375EC13C-06E4-48FB-B500-84F0262A717E): 2
LogDevObjectVersion:   Dev-Editor (E4B068ED-F494-42E9-A231-DA0B2E46BB41): 26
LogDevObjectVersion:   Dev-Framework (CFFC743F-43B0-4480-9391-14DF171D2073): 34
LogDevObjectVersion:   Dev-Mobile (B02B49B5-BB20-44E9-A304-32B752E40360): 2
LogDevObjectVersion:   Dev-Networking (A4E4105C-59A1-49B5-A7C5-40C4547EDFEE): 0
LogDevObjectVersion:   Dev-Online (39C831C9-5AE6-47DC-9A44-9C173E1C8E7C): 0
LogDevObjectVersion:   Dev-Physics (78F01B33-EBEA-4F98-B9B4-84EACCB95AA2): 0
LogDevObjectVersion:   Dev-Platform (6631380F-2D4D-43E0-8009-CF276956A95A): 0
LogDevObjectVersion:   Dev-Rendering (12F88B9F-8875-4AFC-A67C-D90C383ABD29): 27
LogDevObjectVersion:   Dev-Sequencer (7B5AE74C-D270-4C10-A958-57980B212A5A): 9
LogDevObjectVersion:   Dev-VR (D7296918-1DD6-4BDD-9DE2-64A83CC13884): 2
LogDevObjectVersion:   Dev-LoadTimes (C2A15278-BFE7-4AFE-6C17-90FF531DF755): 1
LogDevObjectVersion:   Private-Geometry (6EACA3D4-40EC-4CC1-B786-8BED09428FC5): 3
LogDevObjectVersion:   Dev-AnimPhys (29E575DD-E0A3-4627-9D10-D276232CDCEA): 17
LogDevObjectVersion:   Dev-Anim (AF43A65D-7FD3-4947-9873-3E8ED9C1BB05): 2
LogDevObjectVersion:   Dev-ReflectionCapture (6B266CEC-1EC7-4B8F-A30B-E4D90942FC07): 1
LogDevObjectVersion:   Dev-Automation (0DF73D61-A23F-47EA-B727-89E90C41499A): 1
LogDevObjectVersion:   FortniteMain (601D1886-AC64-4F84-AA16-D3DE0DEAC7D6): 17
LogDevObjectVersion:   Dev-Enterprise (9DFFBCD6-494F-0158-E221-12823C92A888): 4
LogDevObjectVersion:   Dev-Niagara (F2AED0AC-9AFE-416F-8664-AA7FFA26D6FC): 1
LogStreaming: Display: Took  0.002s to delete old logs.
LogInit: Presizing for max 8388607 objects, including 0 objects not considered by GC, pre-allocating 0 bytes for permanent pool.
LogInit: Object subsystem initialized
LogConfig: Setting CVar [[con.DebugEarlyDefault:1]]
LogConfig: Setting CVar [[r.setres:1280x720]]
[2019.03.04-04.49.12:837][  0]LogConfig: Setting CVar [[r.VSync:0]]
[2019.03.04-04.49.12:837][  0]LogConfig: Setting CVar [[r.RHICmdBypass:0]]
[2019.03.04-04.49.12:837][  0]LogConfig: Applying CVar settings from Section [/Script/Engine.RendererSettings] File [J:/GitHub/Prot_Sleep/Prototyping_sleep/Saved/Config/Windows/Engine.ini]
[2019.03.04-04.49.12:837][  0]LogConfig: Setting CVar [[r.GPUCrashDebugging:0]]
[2019.03.04-04.49.12:837][  0]LogConfig: Applying CVar settings from Section [/Script/Engine.RendererOverrideSettings] File [J:/GitHub/Prot_Sleep/Prototyping_sleep/Saved/Config/Windows/Engine.ini]
[2019.03.04-04.49.12:837][  0]LogConfig: Applying CVar settings from Section [/Script/Engine.StreamingSettings] File [J:/GitHub/Prot_Sleep/Prototyping_sleep/Saved/Config/Windows/Engine.ini]
[2019.03.04-04.49.12:837][  0]LogConfig: Setting CVar [[s.MinBulkDataSizeForAsyncLoading:131072]]
[2019.03.04-04.49.12:837][  0]LogConfig: Setting CVar [[s.AsyncLoadingThreadEnabled:0]]
[2019.03.04-04.49.12:837][  0]LogConfig: Setting CVar [[s.EventDrivenLoaderEnabled:1]]
[2019.03.04-04.49.12:837][  0]LogConfig: Setting CVar [[s.WarnIfTimeLimitExceeded:0]]
[2019.03.04-04.49.12:837][  0]LogConfig: Setting CVar [[s.TimeLimitExceededMultiplier:1.5]]
[2019.03.04-04.49.12:837][  0]LogConfig: Setting CVar [[s.TimeLimitExceededMinTime:0.005]]
[2019.03.04-04.49.12:837][  0]LogConfig: Setting CVar [[s.UseBackgroundLevelStreaming:1]]
[2019.03.04-04.49.12:837][  0]LogConfig: Setting CVar [[s.PriorityAsyncLoadingExtraTime:15.0]]
[2019.03.04-04.49.12:837][  0]LogConfig: Setting CVar [[s.LevelStreamingActorsUpdateTimeLimit:5.0]]
[2019.03.04-04.49.12:837][  0]LogConfig: Setting CVar [[s.PriorityLevelStreamingActorsUpdateExtraTime:5.0]]
[2019.03.04-04.49.12:837][  0]LogConfig: Setting CVar [[s.LevelStreamingComponentsRegistrationGranularity:10]]
[2019.03.04-04.49.12:837][  0]LogConfig: Setting CVar [[s.UnregisterComponentsTimeLimit:1.0]]
[2019.03.04-04.49.12:837][  0]LogConfig: Setting CVar [[s.LevelStreamingComponentsUnregistrationGranularity:5]]
[2019.03.04-04.49.12:837][  0]LogConfig: Applying CVar settings from Section [/Script/Engine.GarbageCollectionSettings] File [J:/GitHub/Prot_Sleep/Prototyping_sleep/Saved/Config/Windows/Engine.ini]
[2019.03.04-04.49.12:837][  0]LogConfig: Setting CVar [[gc.MaxObjectsNotConsideredByGC:1]]
[2019.03.04-04.49.12:837][  0]LogConfig: Setting CVar [[gc.SizeOfPermanentObjectPool:0]]
[2019.03.04-04.49.12:837][  0]LogConfig: Setting CVar [[gc.FlushStreamingOnGC:0]]
[2019.03.04-04.49.12:837][  0]LogConfig: Setting CVar [[gc.NumRetriesBeforeForcingGC:10]]
[2019.03.04-04.49.12:837][  0]LogConfig: Setting CVar [[gc.AllowParallelGC:1]]
[2019.03.04-04.49.12:837][  0]LogConfig: Setting CVar [[gc.TimeBetweenPurgingPendingKillObjects:61.1]]
[2019.03.04-04.49.12:837][  0]LogConfig: Setting CVar [[gc.MaxObjectsInEditor:8388607]]
[2019.03.04-04.49.12:837][  0]LogConfig: Setting CVar [[gc.IncrementalBeginDestroyEnabled:1]]
[2019.03.04-04.49.12:837][  0]LogConfig: Setting CVar [[gc.CreateGCClusters:1]]
[2019.03.04-04.49.12:837][  0]LogConfig: Setting CVar [[gc.MergeGCClusters:0]]
[2019.03.04-04.49.12:837][  0]LogConfig: Setting CVar [[gc.MinGCClusterSize:5]]
[2019.03.04-04.49.12:837][  0]LogConfig: Setting CVar [[gc.ActorClusteringEnabled:0]]
[2019.03.04-04.49.12:838][  0]LogConfig: Setting CVar [[gc.BlueprintClusteringEnabled:0]]
[2019.03.04-04.49.12:838][  0]LogConfig: Setting CVar [[gc.UseDisregardForGCOnDedicatedServers:0]]
[2019.03.04-04.49.12:838][  0]LogConfig: Applying CVar settings from Section [/Script/Engine.NetworkSettings] File [J:/GitHub/Prot_Sleep/Prototyping_sleep/Saved/Config/Windows/Engine.ini]
[2019.03.04-04.49.12:838][  0]LogConfig: Applying CVar settings from Section [/Script/UnrealEd.CookerSettings] File [J:/GitHub/Prot_Sleep/Prototyping_sleep/Saved/Config/Windows/Engine.ini]
[2019.03.04-04.49.12:847][  0]LogConfig: Applying CVar settings from Section [ViewDistanceQuality@3] File [J:/GitHub/Prot_Sleep/Prototyping_sleep/Saved/Config/Windows/Scalability.ini]
[2019.03.04-04.49.12:847][  0]LogConfig: Setting CVar [[r.SkeletalMeshLODBias:0]]
[2019.03.04-04.49.12:847][  0]LogConfig: Setting CVar [[r.ViewDistanceScale:1.0]]
[2019.03.04-04.49.12:847][  0]LogConfig: Applying CVar settings from Section [AntiAliasingQuality@3] File [J:/GitHub/Prot_Sleep/Prototyping_sleep/Saved/Config/Windows/Scalability.ini]
[2019.03.04-04.49.12:847][  0]LogConfig: Setting CVar [[r.PostProcessAAQuality:4]]
[2019.03.04-04.49.12:847][  0]LogConfig: Applying CVar settings from Section [ShadowQuality@3] File [J:/GitHub/Prot_Sleep/Prototyping_sleep/Saved/Config/Windows/Scalability.ini]
[2019.03.04-04.49.12:847][  0]LogConfig: Setting CVar [[r.LightFunctionQuality:1]]
[2019.03.04-04.49.12:847][  0]LogConfig: Setting CVar [[r.ShadowQuality:5]]
[2019.03.04-04.49.12:847][  0]LogConfig: Setting CVar [[r.Shadow.CSM.MaxCascades:10]]
[2019.03.04-04.49.12:847][  0]LogConfig: Setting CVar [[r.Shadow.MaxResolution:2048]]
[2019.03.04-04.49.12:847][  0]LogConfig: Setting CVar [[r.Shadow.MaxCSMResolution:2048]]
[2019.03.04-04.49.12:847][  0]LogConfig: Setting CVar [[r.Shadow.RadiusThreshold:0.01]]
[2019.03.04-04.49.12:847][  0]LogConfig: Setting CVar [[r.Shadow.DistanceScale:1.0]]
[2019.03.04-04.49.12:847][  0]LogConfig: Setting CVar [[r.Shadow.CSM.TransitionScale:1.0]]
[2019.03.04-04.49.12:847][  0]LogConfig: Setting CVar [[r.Shadow.PreShadowResolutionFactor:1.0]]
[2019.03.04-04.49.12:847][  0]LogConfig: Setting CVar [[r.DistanceFieldShadowing:1]]
[2019.03.04-04.49.12:847][  0]LogConfig: Setting CVar [[r.DistanceFieldAO:1]]
[2019.03.04-04.49.12:847][  0]LogConfig: Setting CVar [[r.AOQuality:2]]
[2019.03.04-04.49.12:847][  0]LogConfig: Setting CVar [[r.VolumetricFog:1]]
[2019.03.04-04.49.12:847][  0]LogConfig: Setting CVar [[r.VolumetricFog.GridPixelSize:8]]
[2019.03.04-04.49.12:847][  0]LogConfig: Setting CVar [[r.VolumetricFog.GridSizeZ:128]]
[2019.03.04-04.49.12:847][  0]LogConfig: Setting CVar [[r.VolumetricFog.HistoryMissSupersampleCount:4]]
[2019.03.04-04.49.12:847][  0]LogConfig: Setting CVar [[r.LightMaxDrawDistanceScale:1]]
[2019.03.04-04.49.12:847][  0]LogConfig: Setting CVar [[r.CapsuleShadows:1]]
[2019.03.04-04.49.12:847][  0]LogConfig: Applying CVar settings from Section [PostProcessQuality@3] File [J:/GitHub/Prot_Sleep/Prototyping_sleep/Saved/Config/Windows/Scalability.ini]
[2019.03.04-04.49.12:847][  0]LogConfig: Setting CVar [[r.MotionBlurQuality:4]]
[2019.03.04-04.49.12:847][  0]LogConfig: Setting CVar [[r.AmbientOcclusionMipLevelFactor:0.4]]
[2019.03.04-04.49.12:847][  0]LogConfig: Setting CVar [[r.AmbientOcclusionMaxQuality:100]]
[2019.03.04-04.49.12:847][  0]LogConfig: Setting CVar [[r.AmbientOcclusionLevels:-1]]
[2019.03.04-04.49.12:847][  0]LogConfig: Setting CVar [[r.AmbientOcclusionRadiusScale:1.0]]
[2019.03.04-04.49.12:847][  0]LogConfig: Setting CVar [[r.DepthOfFieldQuality:2]]
[2019.03.04-04.49.12:847][  0]LogConfig: Setting CVar [[r.RenderTargetPoolMin:400]]
[2019.03.04-04.49.12:847][  0]LogConfig: Setting CVar [[r.LensFlareQuality:2]]
[2019.03.04-04.49.12:847][  0]LogConfig: Setting CVar [[r.SceneColorFringeQuality:1]]
[2019.03.04-04.49.12:847][  0]LogConfig: Setting CVar [[r.EyeAdaptationQuality:2]]
[2019.03.04-04.49.12:848][  0]LogConfig: Setting CVar [[r.BloomQuality:5]]
[2019.03.04-04.49.12:848][  0]LogConfig: Setting CVar [[r.FastBlurThreshold:100]]
[2019.03.04-04.49.12:848][  0]LogConfig: Setting CVar [[r.Upscale.Quality:3]]
[2019.03.04-04.49.12:848][  0]LogConfig: Setting CVar [[r.Tonemapper.GrainQuantization:1]]
[2019.03.04-04.49.12:848][  0]LogConfig: Setting CVar [[r.LightShaftQuality:1]]
[2019.03.04-04.49.12:848][  0]LogConfig: Setting CVar [[r.Filter.SizeScale:1]]
[2019.03.04-04.49.12:848][  0]LogConfig: Setting CVar [[r.Tonemapper.Quality:5]]
[2019.03.04-04.49.12:848][  0]LogConfig: Setting CVar [[r.DOF.Gather.AccumulatorQuality:1        ; higher gathering accumulator quality]]
[2019.03.04-04.49.12:848][  0]LogConfig: Setting CVar [[r.DOF.Gather.PostfilterMethod:1          ; Median3x3 postfilering method]]
[2019.03.04-04.49.12:848][  0]LogConfig: Setting CVar [[r.DOF.Gather.EnableBokehSettings:0       ; no bokeh simulation when gathering]]
[2019.03.04-04.49.12:848][  0]LogConfig: Setting CVar [[r.DOF.Gather.RingCount:4                 ; medium number of samples when gathering]]
[2019.03.04-04.49.12:848][  0]LogConfig: Setting CVar [[r.DOF.Scatter.ForegroundCompositing:1    ; additive foreground scattering]]
[2019.03.04-04.49.12:848][  0]LogConfig: Setting CVar [[r.DOF.Scatter.BackgroundCompositing:2    ; additive background scattering]]
[2019.03.04-04.49.12:848][  0]LogConfig: Setting CVar [[r.DOF.Scatter.EnableBokehSettings:1      ; bokeh simulation when scattering]]
[2019.03.04-04.49.12:848][  0]LogConfig: Setting CVar [[r.DOF.Scatter.MaxSpriteRatio:0.1         ; only a maximum of 10% of scattered bokeh]]
[2019.03.04-04.49.12:848][  0]LogConfig: Setting CVar [[r.DOF.Recombine.Quality:1                ; cheap slight out of focus]]
[2019.03.04-04.49.12:848][  0]LogConfig: Setting CVar [[r.DOF.Recombine.EnableBokehSettings:0    ; no bokeh simulation on slight out of focus]]
[2019.03.04-04.49.12:848][  0]LogConfig: Setting CVar [[r.DOF.TemporalAAQuality:1                ; more stable temporal accumulation]]
[2019.03.04-04.49.12:848][  0]LogConfig: Setting CVar [[r.DOF.Kernel.MaxForegroundRadius:0.025]]
[2019.03.04-04.49.12:848][  0]LogConfig: Setting CVar [[r.DOF.Kernel.MaxBackgroundRadius:0.025]]
[2019.03.04-04.49.12:848][  0]LogConfig: Applying CVar settings from Section [TextureQuality@3] File [J:/GitHub/Prot_Sleep/Prototyping_sleep/Saved/Config/Windows/Scalability.ini]
[2019.03.04-04.49.12:848][  0]LogConfig: Setting CVar [[r.Streaming.MipBias:0]]
[2019.03.04-04.49.12:848][  0]LogConfig: Setting CVar [[r.Streaming.AmortizeCPUToGPUCopy:0]]
[2019.03.04-04.49.12:848][  0]LogConfig: Setting CVar [[r.Streaming.MaxNumTexturesToStreamPerFrame:0]]
[2019.03.04-04.49.12:848][  0]LogConfig: Setting CVar [[r.Streaming.Boost:1]]
[2019.03.04-04.49.12:848][  0]LogConfig: Setting CVar [[r.MaxAnisotropy:8]]
[2019.03.04-04.49.12:848][  0]LogConfig: Setting CVar [[r.Streaming.LimitPoolSizeToVRAM:0]]
[2019.03.04-04.49.12:848][  0]LogConfig: Setting CVar [[r.Streaming.PoolSize:1000]]
[2019.03.04-04.49.12:848][  0]LogConfig: Setting CVar [[r.Streaming.MaxEffectiveScreenSize:0]]
[2019.03.04-04.49.12:848][  0]LogConfig: Applying CVar settings from Section [EffectsQuality@3] File [J:/GitHub/Prot_Sleep/Prototyping_sleep/Saved/Config/Windows/Scalability.ini]
[2019.03.04-04.49.12:848][  0]LogConfig: Setting CVar [[r.TranslucencyLightingVolumeDim:64]]
[2019.03.04-04.49.12:848][  0]LogConfig: Setting CVar [[r.RefractionQuality:2]]
[2019.03.04-04.49.12:848][  0]LogConfig: Setting CVar [[r.SSR.Quality:3]]
[2019.03.04-04.49.12:848][  0]LogConfig: Setting CVar [[r.SceneColorFormat:4]]
[2019.03.04-04.49.12:848][  0]LogConfig: Setting CVar [[r.DetailMode:2]]
[2019.03.04-04.49.12:848][  0]LogConfig: Setting CVar [[r.TranslucencyVolumeBlur:1]]
[2019.03.04-04.49.12:849][  0]LogConfig: Setting CVar [[r.MaterialQualityLevel:1 ; High quality]]
[2019.03.04-04.49.12:849][  0]LogConfig: Setting CVar [[r.SSS.Scale:1]]
[2019.03.04-04.49.12:849][  0]LogConfig: Setting CVar [[r.SSS.SampleSet:2]]
[2019.03.04-04.49.12:849][  0]LogConfig: Setting CVar [[r.SSS.Quality:1]]
[2019.03.04-04.49.12:849][  0]LogConfig: Setting CVar [[r.SSS.HalfRes:1]]
[2019.03.04-04.49.12:849][  0]LogConfig: Setting CVar [[r.EmitterSpawnRateScale:1.0]]
[2019.03.04-04.49.12:849][  0]LogConfig: Setting CVar [[r.ParticleLightQuality:2]]
[2019.03.04-04.49.12:849][  0]LogConfig: Applying CVar settings from Section [FoliageQuality@3] File [J:/GitHub/Prot_Sleep/Prototyping_sleep/Saved/Config/Windows/Scalability.ini]
[2019.03.04-04.49.12:849][  0]LogConfig: Setting CVar [[foliage.DensityScale:1.0]]
[2019.03.04-04.49.12:849][  0]LogConfig: Setting CVar [[grass.DensityScale:1.0]]
[2019.03.04-04.49.12:849][  0]LogInit: Selected Device Profile: [Windows]
[2019.03.04-04.49.12:849][  0]LogInit: Applying CVar settings loaded from the selected device profile: [Windows]
[2019.03.04-04.49.12:863][  0]LogHAL: Display: Platform has ~ 16 GB [17132089344 / 17179869184 / 16], which maps to Larger [LargestMinGB=32, LargerMinGB=12, DefaultMinGB=8, SmallerMinGB=6, SmallestMinGB=0)
[2019.03.04-04.49.12:863][  0]LogConfig: Setting CVar [[r.Vulkan.UseRealUBs:1]]
[2019.03.04-04.49.12:863][  0]LogInit: Going up to parent DeviceProfile []
[2019.03.04-04.49.12:863][  0]LogConfig: Applying CVar settings from Section [ViewDistanceQuality@3] File [J:/GitHub/Prot_Sleep/Prototyping_sleep/Saved/Config/Windows/Scalability.ini]
[2019.03.04-04.49.12:863][  0]LogConfig: Setting CVar [[r.SkeletalMeshLODBias:0]]
[2019.03.04-04.49.12:863][  0]LogConfig: Setting CVar [[r.ViewDistanceScale:1.0]]
[2019.03.04-04.49.12:863][  0]LogConfig: Applying CVar settings from Section [AntiAliasingQuality@3] File [J:/GitHub/Prot_Sleep/Prototyping_sleep/Saved/Config/Windows/Scalability.ini]
[2019.03.04-04.49.12:863][  0]LogConfig: Setting CVar [[r.PostProcessAAQuality:4]]
[2019.03.04-04.49.12:863][  0]LogConfig: Applying CVar settings from Section [ShadowQuality@3] File [J:/GitHub/Prot_Sleep/Prototyping_sleep/Saved/Config/Windows/Scalability.ini]
[2019.03.04-04.49.12:863][  0]LogConfig: Setting CVar [[r.LightFunctionQuality:1]]
[2019.03.04-04.49.12:863][  0]LogConfig: Setting CVar [[r.ShadowQuality:5]]
[2019.03.04-04.49.12:863][  0]LogConfig: Setting CVar [[r.Shadow.CSM.MaxCascades:10]]
[2019.03.04-04.49.12:863][  0]LogConfig: Setting CVar [[r.Shadow.MaxResolution:2048]]
[2019.03.04-04.49.12:863][  0]LogConfig: Setting CVar [[r.Shadow.MaxCSMResolution:2048]]
[2019.03.04-04.49.12:863][  0]LogConfig: Setting CVar [[r.Shadow.RadiusThreshold:0.01]]
[2019.03.04-04.49.12:863][  0]LogConfig: Setting CVar [[r.Shadow.DistanceScale:1.0]]
[2019.03.04-04.49.12:864][  0]LogConfig: Setting CVar [[r.Shadow.CSM.TransitionScale:1.0]]
[2019.03.04-04.49.12:864][  0]LogConfig: Setting CVar [[r.Shadow.PreShadowResolutionFactor:1.0]]
[2019.03.04-04.49.12:864][  0]LogConfig: Setting CVar [[r.DistanceFieldShadowing:1]]
[2019.03.04-04.49.12:864][  0]LogConfig: Setting CVar [[r.DistanceFieldAO:1]]
[2019.03.04-04.49.12:864][  0]LogConfig: Setting CVar [[r.AOQuality:2]]
[2019.03.04-04.49.12:864][  0]LogConfig: Setting CVar [[r.VolumetricFog:1]]
[2019.03.04-04.49.12:864][  0]LogConfig: Setting CVar [[r.VolumetricFog.GridPixelSize:8]]
[2019.03.04-04.49.12:864][  0]LogConfig: Setting CVar [[r.VolumetricFog.GridSizeZ:128]]
[2019.03.04-04.49.12:864][  0]LogConfig: Setting CVar [[r.VolumetricFog.HistoryMissSupersampleCount:4]]
[2019.03.04-04.49.12:864][  0]LogConfig: Setting CVar [[r.LightMaxDrawDistanceScale:1]]
[2019.03.04-04.49.12:864][  0]LogConfig: Setting CVar [[r.CapsuleShadows:1]]
[2019.03.04-04.49.12:864][  0]LogConfig: Applying CVar settings from Section [PostProcessQuality@3] File [J:/GitHub/Prot_Sleep/Prototyping_sleep/Saved/Config/Windows/Scalability.ini]
[2019.03.04-04.49.12:864][  0]LogConfig: Setting CVar [[r.MotionBlurQuality:4]]
[2019.03.04-04.49.12:864][  0]LogConfig: Setting CVar [[r.AmbientOcclusionMipLevelFactor:0.4]]
[2019.03.04-04.49.12:864][  0]LogConfig: Setting CVar [[r.AmbientOcclusionMaxQuality:100]]
[2019.03.04-04.49.12:864][  0]LogConfig: Setting CVar [[r.AmbientOcclusionLevels:-1]]
[2019.03.04-04.49.12:864][  0]LogConfig: Setting CVar [[r.AmbientOcclusionRadiusScale:1.0]]
[2019.03.04-04.49.12:864][  0]LogConfig: Setting CVar [[r.DepthOfFieldQuality:2]]
[2019.03.04-04.49.12:864][  0]LogConfig: Setting CVar [[r.RenderTargetPoolMin:400]]
[2019.03.04-04.49.12:864][  0]LogConfig: Setting CVar [[r.LensFlareQuality:2]]
[2019.03.04-04.49.12:864][  0]LogConfig: Setting CVar [[r.SceneColorFringeQuality:1]]
[2019.03.04-04.49.12:864][  0]LogConfig: Setting CVar [[r.EyeAdaptationQuality:2]]
[2019.03.04-04.49.12:864][  0]LogConfig: Setting CVar [[r.BloomQuality:5]]
[2019.03.04-04.49.12:864][  0]LogConfig: Setting CVar [[r.FastBlurThreshold:100]]
[2019.03.04-04.49.12:864][  0]LogConfig: Setting CVar [[r.Upscale.Quality:3]]
[2019.03.04-04.49.12:864][  0]LogConfig: Setting CVar [[r.Tonemapper.GrainQuantization:1]]
[2019.03.04-04.49.12:864][  0]LogConfig: Setting CVar [[r.LightShaftQuality:1]]
[2019.03.04-04.49.12:864][  0]LogConfig: Setting CVar [[r.Filter.SizeScale:1]]
[2019.03.04-04.49.12:864][  0]LogConfig: Setting CVar [[r.Tonemapper.Quality:5]]
[2019.03.04-04.49.12:864][  0]LogConfig: Setting CVar [[r.DOF.Gather.AccumulatorQuality:1        ; higher gathering accumulator quality]]
[2019.03.04-04.49.12:864][  0]LogConfig: Setting CVar [[r.DOF.Gather.PostfilterMethod:1          ; Median3x3 postfilering method]]
[2019.03.04-04.49.12:864][  0]LogConfig: Setting CVar [[r.DOF.Gather.EnableBokehSettings:0       ; no bokeh simulation when gathering]]
[2019.03.04-04.49.12:864][  0]LogConfig: Setting CVar [[r.DOF.Gather.RingCount:4                 ; medium number of samples when gathering]]
[2019.03.04-04.49.12:864][  0]LogConfig: Setting CVar [[r.DOF.Scatter.ForegroundCompositing:1    ; additive foreground scattering]]
[2019.03.04-04.49.12:864][  0]LogConfig: Setting CVar [[r.DOF.Scatter.BackgroundCompositing:2    ; additive background scattering]]
[2019.03.04-04.49.12:864][  0]LogConfig: Setting CVar [[r.DOF.Scatter.EnableBokehSettings:1      ; bokeh simulation when scattering]]
[2019.03.04-04.49.12:864][  0]LogConfig: Setting CVar [[r.DOF.Scatter.MaxSpriteRatio:0.1         ; only a maximum of 10% of scattered bokeh]]
[2019.03.04-04.49.12:864][  0]LogConfig: Setting CVar [[r.DOF.Recombine.Quality:1                ; cheap slight out of focus]]
[2019.03.04-04.49.12:864][  0]LogConfig: Setting CVar [[r.DOF.Recombine.EnableBokehSettings:0    ; no bokeh simulation on slight out of focus]]
[2019.03.04-04.49.12:864][  0]LogConfig: Setting CVar [[r.DOF.TemporalAAQuality:1                ; more stable temporal accumulation]]
[2019.03.04-04.49.12:864][  0]LogConfig: Setting CVar [[r.DOF.Kernel.MaxForegroundRadius:0.025]]
[2019.03.04-04.49.12:864][  0]LogConfig: Setting CVar [[r.DOF.Kernel.MaxBackgroundRadius:0.025]]
[2019.03.04-04.49.12:864][  0]LogConfig: Applying CVar settings from Section [TextureQuality@3] File [J:/GitHub/Prot_Sleep/Prototyping_sleep/Saved/Config/Windows/Scalability.ini]
[2019.03.04-04.49.12:864][  0]LogConfig: Setting CVar [[r.Streaming.MipBias:0]]
[2019.03.04-04.49.12:864][  0]LogConfig: Setting CVar [[r.Streaming.AmortizeCPUToGPUCopy:0]]
[2019.03.04-04.49.12:864][  0]LogConfig: Setting CVar [[r.Streaming.MaxNumTexturesToStreamPerFrame:0]]
[2019.03.04-04.49.12:864][  0]LogConfig: Setting CVar [[r.Streaming.Boost:1]]
[2019.03.04-04.49.12:864][  0]LogConfig: Setting CVar [[r.MaxAnisotropy:8]]
[2019.03.04-04.49.12:864][  0]LogConfig: Setting CVar [[r.Streaming.LimitPoolSizeToVRAM:0]]
[2019.03.04-04.49.12:864][  0]LogConfig: Setting CVar [[r.Streaming.PoolSize:1000]]
[2019.03.04-04.49.12:864][  0]LogConfig: Setting CVar [[r.Streaming.MaxEffectiveScreenSize:0]]
[2019.03.04-04.49.12:864][  0]LogConfig: Applying CVar settings from Section [EffectsQuality@3] File [J:/GitHub/Prot_Sleep/Prototyping_sleep/Saved/Config/Windows/Scalability.ini]
[2019.03.04-04.49.12:864][  0]LogConfig: Setting CVar [[r.TranslucencyLightingVolumeDim:64]]
[2019.03.04-04.49.12:864][  0]LogConfig: Setting CVar [[r.RefractionQuality:2]]
[2019.03.04-04.49.12:864][  0]LogConfig: Setting CVar [[r.SSR.Quality:3]]
[2019.03.04-04.49.12:864][  0]LogConfig: Setting CVar [[r.SceneColorFormat:4]]
[2019.03.04-04.49.12:864][  0]LogConfig: Setting CVar [[r.DetailMode:2]]
[2019.03.04-04.49.12:864][  0]LogConfig: Setting CVar [[r.TranslucencyVolumeBlur:1]]
[2019.03.04-04.49.12:864][  0]LogConfig: Setting CVar [[r.MaterialQualityLevel:1 ; High quality]]
[2019.03.04-04.49.12:864][  0]LogConfig: Setting CVar [[r.SSS.Scale:1]]
[2019.03.04-04.49.12:864][  0]LogConfig: Setting CVar [[r.SSS.SampleSet:2]]
[2019.03.04-04.49.12:864][  0]LogConfig: Setting CVar [[r.SSS.Quality:1]]
[2019.03.04-04.49.12:864][  0]LogConfig: Setting CVar [[r.SSS.HalfRes:1]]
[2019.03.04-04.49.12:864][  0]LogConfig: Setting CVar [[r.EmitterSpawnRateScale:1.0]]
[2019.03.04-04.49.12:864][  0]LogConfig: Setting CVar [[r.ParticleLightQuality:2]]
[2019.03.04-04.49.12:864][  0]LogConfig: Applying CVar settings from Section [FoliageQuality@3] File [J:/GitHub/Prot_Sleep/Prototyping_sleep/Saved/Config/Windows/Scalability.ini]
[2019.03.04-04.49.12:865][  0]LogConfig: Setting CVar [[foliage.DensityScale:1.0]]
[2019.03.04-04.49.12:865][  0]LogConfig: Setting CVar [[grass.DensityScale:1.0]]
[2019.03.04-04.49.12:865][  0]LogConfig: Applying CVar settings from Section [Startup] File [../../../Engine/Config/ConsoleVariables.ini]
[2019.03.04-04.49.12:865][  0]LogConfig: Setting CVar [[net.UseAdaptiveNetUpdateFrequency:0]]
[2019.03.04-04.49.12:865][  0]LogConfig: Applying CVar settings from Section [ConsoleVariables] File [J:/GitHub/Prot_Sleep/Prototyping_sleep/Saved/Config/Windows/Engine.ini]
[2019.03.04-04.49.12:865][  0]LogInit: Computer: DESKTOP-H6FNPSO
[2019.03.04-04.49.12:865][  0]LogInit: User: jhent
[2019.03.04-04.49.12:865][  0]LogInit: CPU Page size=4096, Cores=4
[2019.03.04-04.49.12:865][  0]LogInit: High frequency timer resolution =10.000000 MHz
[2019.03.04-04.49.12:865][  0]LogMemory: Memory total: Physical=16.0GB (16GB approx)
[2019.03.04-04.49.12:865][  0]LogMemory: Platform Memory Stats for Windows
[2019.03.04-04.49.12:865][  0]LogMemory: Process Physical Memory: 103.02 MB used, 103.02 MB peak
[2019.03.04-04.49.12:865][  0]LogMemory: Process Virtual Memory: 89.83 MB used, 89.83 MB peak
[2019.03.04-04.49.12:865][  0]LogMemory: Physical Memory: 5919.49 MB used,  10418.95 MB free, 16338.43 MB total
[2019.03.04-04.49.12:865][  0]LogMemory: Virtual Memory: 4648.42 MB used,  134213080.00 MB free, 134217728.00 MB total
[2019.03.04-04.49.12:882][  0]LogInit: Using OS detected language (en-US).
[2019.03.04-04.49.12:882][  0]LogInit: Using OS detected locale (en-US).
[2019.03.04-04.49.12:883][  0]LogTextLocalizationManager: No specific localization for 'en-US' exists, so the 'en' localization will be used.
[2019.03.04-04.49.13:283][  0]LogStreaming: Display: Took  0.402s to InitEngineTextLocalization.
[2019.03.04-04.49.13:284][  0]LogInit: Setting process to per monitor DPI aware
[2019.03.04-04.49.13:331][  0]LogSlate: New Slate User Created.  User Index 0, Is Virtual User: 0
[2019.03.04-04.49.13:331][  0]LogSlate: Slate User Registered.  User Index 0, Is Virtual User: 0
[2019.03.04-04.49.13:564][  0]LogHMD: Failed to initialize OpenVR with code 110
[2019.03.04-04.49.13:564][  0]LogD3D11RHI: D3D11 adapters:
[2019.03.04-04.49.13:627][  0]LogD3D11RHI:    0. 'NVIDIA GeForce GTX 1050 Ti' (Feature Level 11_0)
[2019.03.04-04.49.13:627][  0]LogD3D11RHI:       4029/0/8169 MB DedicatedVideo/DedicatedSystem/SharedSystem, Outputs:2, VendorId:0x10de
[2019.03.04-04.49.13:629][  0]LogD3D11RHI:    1. 'Microsoft Basic Render Driver' (Feature Level 11_0)
[2019.03.04-04.49.13:630][  0]LogD3D11RHI:       0/0/8169 MB DedicatedVideo/DedicatedSystem/SharedSystem, Outputs:0, VendorId:0x1414
[2019.03.04-04.49.13:630][  0]LogD3D11RHI: Chosen D3D11 Adapter: 0
[2019.03.04-04.49.13:637][  0]LogD3D11RHI: Creating new Direct3DDevice
[2019.03.04-04.49.13:637][  0]LogD3D11RHI:     GPU DeviceId: 0x1c82 (for the marketing name, search the web for "GPU Device Id")
[2019.03.04-04.49.13:637][  0]LogWindows: EnumDisplayDevices:
[2019.03.04-04.49.13:637][  0]LogWindows:    0. 'NVIDIA GeForce GTX 1050 Ti' (P:1 D:1)
[2019.03.04-04.49.13:638][  0]LogWindows:    1. 'NVIDIA GeForce GTX 1050 Ti' (P:0 D:1)
[2019.03.04-04.49.13:638][  0]LogWindows:    2. 'NVIDIA GeForce GTX 1050 Ti' (P:0 D:0)
[2019.03.04-04.49.13:638][  0]LogWindows:    3. 'NVIDIA GeForce GTX 1050 Ti' (P:0 D:0)
[2019.03.04-04.49.13:639][  0]LogWindows: DebugString: FoundDriverCount:4 
[2019.03.04-04.49.13:639][  0]LogD3D11RHI:     Adapter Name: NVIDIA GeForce GTX 1050 Ti
[2019.03.04-04.49.13:639][  0]LogD3D11RHI:   Driver Version: 388.13 (internal:23.21.13.8813, unified:388.13)
[2019.03.04-04.49.13:639][  0]LogD3D11RHI:      Driver Date: 10-27-2017
[2019.03.04-04.49.13:639][  0]LogRHI: Texture pool is 2820 MB (70% of 4029 MB)
[2019.03.04-04.49.13:682][  0]LogD3D11RHI: Async texture creation enabled
[2019.03.04-04.49.13:695][  0]LogD3D11RHI: GPU Timing Frequency: 1000.000000 (Debug: 2 1)
[2019.03.04-04.49.14:111][  0]LogTemp: Display: Loaded TP AllDesktopTargetPlatform
[2019.03.04-04.49.14:124][  0]LogTemp: Display: Loaded TP MacClientTargetPlatform
[2019.03.04-04.49.14:137][  0]LogTemp: Display: Loaded TP MacNoEditorTargetPlatform
[2019.03.04-04.49.14:150][  0]LogTemp: Display: Loaded TP MacServerTargetPlatform
[2019.03.04-04.49.14:168][  0]LogTemp: Display: Loaded TP MacTargetPlatform
[2019.03.04-04.49.14:182][  0]LogTemp: Display: Loaded TP WindowsClientTargetPlatform
[2019.03.04-04.49.14:199][  0]LogTemp: Display: Loaded TP WindowsNoEditorTargetPlatform
[2019.03.04-04.49.14:217][  0]LogTemp: Display: Loaded TP WindowsServerTargetPlatform
[2019.03.04-04.49.14:223][  0]LogTemp: Display: Loaded TP WindowsTargetPlatform
[2019.03.04-04.49.14:324][  0]LogTemp: Display: Loaded TP AndroidTargetPlatform
[2019.03.04-04.49.14:324][  0]LogTemp: Display: Loaded TP AndroidTargetPlatform
[2019.03.04-04.49.14:324][  0]LogTemp: Display: Loaded TP AndroidTargetPlatform
[2019.03.04-04.49.14:324][  0]LogTemp: Display: Loaded TP AndroidTargetPlatform
[2019.03.04-04.49.14:324][  0]LogTemp: Display: Loaded TP AndroidTargetPlatform
[2019.03.04-04.49.14:324][  0]LogTemp: Display: Loaded TP AndroidTargetPlatform
[2019.03.04-04.49.14:324][  0]LogTemp: Display: Loaded TP AndroidTargetPlatform
[2019.03.04-04.49.14:324][  0]LogTemp: Display: Loaded TP AndroidTargetPlatform
[2019.03.04-04.49.14:324][  0]LogTemp: Display: Loaded TP AndroidTargetPlatform
[2019.03.04-04.49.14:324][  0]LogTemp: Display: Loaded TP AndroidTargetPlatform
[2019.03.04-04.49.14:324][  0]LogTemp: Display: Loaded TP AndroidTargetPlatform
[2019.03.04-04.49.14:324][  0]LogTemp: Display: Loaded TP AndroidTargetPlatform
[2019.03.04-04.49.14:324][  0]LogTemp: Display: Loaded TP AndroidTargetPlatform
[2019.03.04-04.49.14:324][  0]LogTemp: Display: Loaded TP AndroidTargetPlatform
[2019.03.04-04.49.14:324][  0]LogTemp: Display: Loaded TP AndroidTargetPlatform
[2019.03.04-04.49.14:324][  0]LogTemp: Display: Loaded TP AndroidTargetPlatform
[2019.03.04-04.49.14:324][  0]LogTemp: Display: Loaded TP AndroidTargetPlatform
[2019.03.04-04.49.14:324][  0]LogTemp: Display: Loaded TP AndroidTargetPlatform
[2019.03.04-04.49.14:326][  0]LogTemp: Display: Loaded TP HTML5TargetPlatform
[2019.03.04-04.49.14:390][  0]LogTemp: Display: Loaded TP IOSTargetPlatform
[2019.03.04-04.49.14:390][  0]LogTemp: Display: Loaded TP IOSTargetPlatform
[2019.03.04-04.49.14:415][  0]LogTemp: Display: Loaded TP TVOSTargetPlatform
[2019.03.04-04.49.14:415][  0]LogTemp: Display: Loaded TP TVOSTargetPlatform
[2019.03.04-04.49.14:428][  0]LogTemp: Display: Loaded TP LinuxClientTargetPlatform
[2019.03.04-04.49.14:441][  0]LogTemp: Display: Loaded TP LinuxNoEditorTargetPlatform
[2019.03.04-04.49.14:454][  0]LogTemp: Display: Loaded TP LinuxServerTargetPlatform
[2019.03.04-04.49.14:468][  0]LogTemp: Display: Loaded TP LinuxTargetPlatform
[2019.03.04-04.49.14:514][  0]LogTemp: Display: Loaded TP LuminTargetPlatform
[2019.03.04-04.49.14:514][  0]LogTemp: Display: Loaded TP LuminTargetPlatform
[2019.03.04-04.49.14:514][  0]LogTargetPlatformManager: Display: Building Assets For Windows
[2019.03.04-04.49.14:561][  0]LogShaderCompilers: Guid format shader working directory is -8 characters bigger than the processId version (../../../../../../GitHub/Prot_Sleep/Prototyping_sleep/Intermediate/Shaders/WorkingDirectory/13028/).
[2019.03.04-04.49.14:561][  0]LogShaderCompilers: Cleaned the shader compiler working directory 'C:/Users/jhent/AppData/Local/Temp/UnrealShaderWorkingDir/AF0D32B34BFD904ACE1138825720D2B6/'.
[2019.03.04-04.49.14:563][  0]LogXGEController: Cleaning working directory: C:/Users/jhent/AppData/Local/Temp/UnrealXGEWorkingDir/
[2019.03.04-04.49.14:563][  0]LogXGEController: Cannot use XGE Controller as Incredibuild is not installed on this machine.
[2019.03.04-04.49.14:563][  0]LogShaderCompilers: Cannot use XGE Shader Compiler as Incredibuild is not installed on this machine.
[2019.03.04-04.49.14:563][  0]LogShaderCompilers: Display: Using Local Shader Compiler.
[2019.03.04-04.49.15:195][  0]LogDerivedDataCache: Display: Max Cache Size: 512 MB
[2019.03.04-04.49.15:271][  0]LogDerivedDataCache: Loaded boot cache 0.08s 86MB C:/Users/jhent/AppData/Local/UnrealEngine/4.21/DerivedDataCache/Boot.ddc.
[2019.03.04-04.49.15:271][  0]LogDerivedDataCache: Display: Loaded Boot cache: C:/Users/jhent/AppData/Local/UnrealEngine/4.21/DerivedDataCache/Boot.ddc
[2019.03.04-04.49.15:271][  0]LogDerivedDataCache: FDerivedDataBackendGraph:  Pak pak cache file ../../../../../../GitHub/Prot_Sleep/Prototyping_sleep/DerivedDataCache/DDC.ddp not found, will not use a pak cache.
[2019.03.04-04.49.15:271][  0]LogDerivedDataCache: Unable to find inner node Pak for hierarchical cache Hierarchy.
[2019.03.04-04.49.15:271][  0]LogDerivedDataCache: FDerivedDataBackendGraph:  CompressedPak pak cache file ../../../../../../GitHub/Prot_Sleep/Prototyping_sleep/DerivedDataCache/Compressed.ddp not found, will not use a pak cache.
[2019.03.04-04.49.15:271][  0]LogDerivedDataCache: Unable to find inner node CompressedPak for hierarchical cache Hierarchy.
[2019.03.04-04.49.15:288][  0]LogDerivedDataCache: Display: Pak cache opened for reading ../../../Engine/DerivedDataCache/Compressed.ddp.
[2019.03.04-04.49.15:288][  0]LogDerivedDataCache: FDerivedDataBackendGraph:  EnterprisePak pak cache file ../../../Enterprise/DerivedDataCache/Compressed.ddp not found, will not use a pak cache.
[2019.03.04-04.49.15:288][  0]LogDerivedDataCache: Unable to find inner node EnterprisePak for hierarchical cache Hierarchy.
[2019.03.04-04.49.15:300][  0]LogDerivedDataCache: Using Local data cache path C:/Users/jhent/AppData/Local/UnrealEngine/Common/DerivedDataCache: Writable
[2019.03.04-04.49.15:300][  0]LogDerivedDataCache: Shared data cache path not found in *engine.ini, will not use an Shared cache.
[2019.03.04-04.49.15:300][  0]LogDerivedDataCache: Unable to find inner node Shared for hierarchical cache Hierarchy.
[2019.03.04-04.49.15:328][  0]LogMaterial: Verifying Global Shaders for PCD3D_SM5
[2019.03.04-04.49.15:330][  0]LogSlate: Using FreeType 2.6.0
[2019.03.04-04.49.15:331][  0]LogSlate: SlateFontServices - WITH_FREETYPE: 1, WITH_HARFBUZZ: 1
[2019.03.04-04.49.15:419][  0]LogAssetRegistry: FAssetRegistry took 0.0342 seconds to start up
[2019.03.04-04.49.15:877][  0]LogInit: Selected Device Profile: [Windows]
[2019.03.04-04.49.16:062][  0]LogSimplygon: Simplygon DLL not present - disabling.
[2019.03.04-04.49.16:066][  0]LogMeshReduction: Using SimplygonSwarm for distributed automatic mesh merging
[2019.03.04-04.49.16:066][  0]LogMeshReduction: Using ProxyLODMeshReduction for automatic mesh merging
[2019.03.04-04.49.16:066][  0]LogMeshReduction: Using QuadricMeshReduction for automatic static mesh reduction
[2019.03.04-04.49.16:066][  0]LogMeshReduction: No automatic skeletal mesh reduction module available
[2019.03.04-04.49.16:087][  0]LogNetVersion: Prototyping_sleep 1.0.0, NetCL: 4541578, EngineNetVer: 5, GameNetVer: 0 (Checksum: 263708930)
[2019.03.04-04.49.16:657][  0]LogPackageLocalizationCache: Processed 11 localized package path(s) for 2 prioritized culture(s) in 0.076976 seconds
[2019.03.04-04.49.16:662][  0]LogUObjectArray: 39775 objects as part of root set at end of initial load.
[2019.03.04-04.49.16:662][  0]LogUObjectAllocator: 6914656 out of 0 bytes used by permanent object pool.
[2019.03.04-04.49.16:662][  0]LogUObjectArray: CloseDisregardForGC: 0/0 objects in disregard for GC pool
[2019.03.04-04.49.17:570][  0]LogTcpMessaging: Initializing TcpMessaging bridge
[2019.03.04-04.49.17:584][  0]LogUdpMessaging: Initializing bridge on interface 0.0.0.0:0 to multicast group 230.0.0.1:6666.
[2019.03.04-04.49.18:319][  0]SourceControl: Source control is disabled
[2019.03.04-04.49.18:319][  0]SourceControl: Source control is disabled
[2019.03.04-04.49.18:320][  0]SourceControl: Source control is disabled
[2019.03.04-04.49.18:321][  0]SourceControl: Source control is disabled
[2019.03.04-04.49.18:484][  0]LogAndroidPermission: UAndroidPermissionCallbackProxy::GetInstance
[2019.03.04-04.49.18:621][  0]LogOcInput: OculusInput pre-init called
[2019.03.04-04.49.18:760][  0]LogEngine: Initializing Engine...
[2019.03.04-04.49.18:761][  0]LogHMD: Failed to initialize OpenVR with code 110
[2019.03.04-04.49.18:762][  0]LogStats: UGameplayTagsManager::ConstructGameplayTagTree: ImportINI prefixes -  0.000 s
[2019.03.04-04.49.18:762][  0]LogStats: UGameplayTagsManager::ConstructGameplayTagTree: Construct from data asset -  0.000 s
[2019.03.04-04.49.18:762][  0]LogStats: UGameplayTagsManager::ConstructGameplayTagTree: ImportINI -  0.000 s
[2019.03.04-04.49.18:762][  0]LogStats: UGameplayTagsManager::ConstructGameplayTagTree: GameplayTagTreeChangedEvent.Broadcast -  0.000 s
[2019.03.04-04.49.19:019][  0]LogInit: Initializing FReadOnlyCVARCache
[2019.03.04-04.49.19:030][  0]LogAIModule: Creating AISystem for world Untitled
[2019.03.04-04.49.19:151][  0]LogInit: XAudio2 using 'Headset Earphone (2- Corsair VOID Wireless Gaming Dongle)' : 2 channels at 48 kHz using 16 bits per sample (channel mask 0x3)
[2019.03.04-04.49.19:188][  0]LogInit: FAudioDevice initialized.
[2019.03.04-04.49.19:188][  0]LogNetVersion: Set ProjectVersion to 1.0.0.0. Version Checksum will be recalculated on next use.
[2019.03.04-04.49.19:374][  0]LogDerivedDataCache: Saved boot cache 0.19s 86MB C:/Users/jhent/AppData/Local/UnrealEngine/4.21/DerivedDataCache/Boot.ddc.
[2019.03.04-04.49.19:389][  0]LogInit: Texture streaming: Enabled
[2019.03.04-04.49.19:406][  0]LogEngineSessionManager: EngineSessionManager initialized
[2019.03.04-04.49.19:418][  0]LogInit: Transaction tracking system initialized
[2019.03.04-04.49.19:438][  0]BlueprintLog: New page: Editor Load
[2019.03.04-04.49.19:499][  0]LocalizationService: Localization service is disabled
[2019.03.04-04.49.19:984][  0]LogCook: Display: Max memory allowance for cook 16384mb min free memory 0mb
[2019.03.04-04.49.19:984][  0]LogCook: Display: Mobile HDR setting 1
[2019.03.04-04.49.19:984][  0]LogGameplayTags: Display: UGameplayTagsManager::DoneAddingNativeTags. DelegateIsBound: 0
[2019.03.04-04.49.19:984][  0]LogStats: UGameplayTagsManager::ConstructGameplayTagTree: ImportINI prefixes -  0.000 s
[2019.03.04-04.49.19:984][  0]LogStats: UGameplayTagsManager::ConstructGameplayTagTree: Construct from data asset -  0.000 s
[2019.03.04-04.49.19:984][  0]LogStats: UGameplayTagsManager::ConstructGameplayTagTree: ImportINI -  0.000 s
[2019.03.04-04.49.19:984][  0]LogStats: UGameplayTagsManager::ConstructGameplayTagTree: GameplayTagTreeChangedEvent.Broadcast -  0.000 s
[2019.03.04-04.49.20:114][  0]LogFileCache: Scanning file cache for directory 'J:/GitHub/Prot_Sleep/Prototyping_sleep/Content/' took 0.04s
[2019.03.04-04.49.20:114][  0]SourceControl: Source control is disabled
[2019.03.04-04.49.20:114][  0]Cmd: MAP LOAD FILE="../../../../../../GitHub/Prot_Sleep/Prototyping_sleep/Content/ThirdPersonBP/Maps/ThirdPersonExampleMap.umap" TEMPLATE=0 SHOWPROGRESS=1 FEATURELEVEL=3
[2019.03.04-04.49.20:115][  0]LightingResults: New page: Lighting Build
[2019.03.04-04.49.20:117][  0]MapCheck: New page: Map Check
[2019.03.04-04.49.20:117][  0]LightingResults: New page: Lighting Build
[2019.03.04-04.49.20:840][  0]LogAIModule: Creating AISystem for world ThirdPersonExampleMap
[2019.03.04-04.49.20:848][  0]LogBlueprintUserMessages: [ThirdPerson_AnimBP_Custom_C_0] SpeenAnim 0.0
[2019.03.04-04.49.20:854][  0]LogEditorServer: Finished looking for orphan Actors (0.000 secs)
[2019.03.04-04.49.20:875][  0]Cmd: MAP CHECKDEP NOCLEARLOG
[2019.03.04-04.49.20:875][  0]MapCheck: Map check complete: 0 Error(s), 0 Warning(s), took 0.151ms to complete.
[2019.03.04-04.49.20:876][  0]LogFileHelpers: Loading map 'ThirdPersonExampleMap' took 0.761
[2019.03.04-04.49.20:978][  0]LogSlate: Updating window title bar state: overlay mode, drag disabled, window buttons hidden, title bar hidden
[2019.03.04-04.49.20:983][  0]LogSlate: Updating window title bar state: overlay mode, drag disabled, window buttons hidden, title bar hidden
[2019.03.04-04.49.20:993][  0]LogCollectionManager: Loaded 0 collections in 0.001203 seconds
[2019.03.04-04.49.21:009][  0]LogFileCache: Scanning file cache for directory 'J:/GitHub/Prot_Sleep/Prototyping_sleep/Saved/Collections/' took 0.01s
[2019.03.04-04.49.21:009][  0]LogFileCache: Scanning file cache for directory 'J:/GitHub/Prot_Sleep/Prototyping_sleep/Content/Developers/jhent/Collections/' took 0.00s
[2019.03.04-04.49.21:009][  0]LogFileCache: Scanning file cache for directory 'J:/GitHub/Prot_Sleep/Prototyping_sleep/Content/Collections/' took 0.00s
[2019.03.04-04.49.21:009][  0]LogCollectionManager: Rebuilt the GUID cache for 0 collections in 0.000000 seconds
[2019.03.04-04.49.21:019][  0]LogContentBrowser: Native class hierarchy populated in 0.0100 seconds. Added 2651 classes and 620 folders.
[2019.03.04-04.49.21:025][  0]LogContentBrowser: Native class hierarchy updated for 'WidgetCarousel' in 0.0003 seconds. Added 0 classes and 0 folders.
[2019.03.04-04.49.21:026][  0]LogPakFile: Registered encryption key '00000000000000000000000000000000': 0 pak files mounted, 0 remain pending
[2019.03.04-04.49.21:027][  0]LogPakFile: Registered encryption key '00000000000000000000000000000000': 0 pak files mounted, 0 remain pending
[2019.03.04-04.49.21:028][  0]LogPakFile: Registered encryption key '00000000000000000000000000000000': 0 pak files mounted, 0 remain pending
[2019.03.04-04.49.21:028][  0]LogPakFile: Registered encryption key '00000000000000000000000000000000': 0 pak files mounted, 0 remain pending
[2019.03.04-04.49.21:028][  0]LogPakFile: Registered encryption key '00000000000000000000000000000000': 0 pak files mounted, 0 remain pending
[2019.03.04-04.49.21:029][  0]LogPakFile: Registered encryption key '00000000000000000000000000000000': 0 pak files mounted, 0 remain pending
[2019.03.04-04.49.21:029][  0]LogPakFile: Registered encryption key '00000000000000000000000000000000': 0 pak files mounted, 0 remain pending
[2019.03.04-04.49.21:030][  0]LogPakFile: Registered encryption key '00000000000000000000000000000000': 0 pak files mounted, 0 remain pending
[2019.03.04-04.49.21:030][  0]LogPakFile: Registered encryption key '00000000000000000000000000000000': 0 pak files mounted, 0 remain pending
[2019.03.04-04.49.21:031][  0]LogPakFile: Registered encryption key '00000000000000000000000000000000': 0 pak files mounted, 0 remain pending
[2019.03.04-04.49.21:031][  0]LogPakFile: Registered encryption key '00000000000000000000000000000000': 0 pak files mounted, 0 remain pending
[2019.03.04-04.49.21:032][  0]LogPakFile: Registered encryption key '00000000000000000000000000000000': 0 pak files mounted, 0 remain pending
[2019.03.04-04.49.21:032][  0]LogPakFile: Registered encryption key '00000000000000000000000000000000': 0 pak files mounted, 0 remain pending
[2019.03.04-04.49.21:033][  0]LogPakFile: Registered encryption key '00000000000000000000000000000000': 0 pak files mounted, 0 remain pending
[2019.03.04-04.49.21:033][  0]LogPakFile: Registered encryption key '00000000000000000000000000000000': 0 pak files mounted, 0 remain pending
[2019.03.04-04.49.21:034][  0]LogPakFile: Registered encryption key '00000000000000000000000000000000': 0 pak files mounted, 0 remain pending
[2019.03.04-04.49.21:034][  0]LogPakFile: Registered encryption key '00000000000000000000000000000000': 0 pak files mounted, 0 remain pending
[2019.03.04-04.49.21:035][  0]LogPakFile: Registered encryption key '00000000000000000000000000000000': 0 pak files mounted, 0 remain pending
[2019.03.04-04.49.21:036][  0]LogPakFile: Registered encryption key '00000000000000000000000000000000': 0 pak files mounted, 0 remain pending
[2019.03.04-04.49.21:036][  0]LogPakFile: Registered encryption key '00000000000000000000000000000000': 0 pak files mounted, 0 remain pending
[2019.03.04-04.49.21:037][  0]LogPakFile: Registered encryption key '00000000000000000000000000000000': 0 pak files mounted, 0 remain pending
[2019.03.04-04.49.21:038][  0]LogPakFile: Registered encryption key '00000000000000000000000000000000': 0 pak files mounted, 0 remain pending
[2019.03.04-04.49.21:039][  0]LogPakFile: Registered encryption key '00000000000000000000000000000000': 0 pak files mounted, 0 remain pending
[2019.03.04-04.49.21:039][  0]LogPakFile: Registered encryption key '00000000000000000000000000000000': 0 pak files mounted, 0 remain pending
[2019.03.04-04.49.21:040][  0]LogPakFile: Registered encryption key '00000000000000000000000000000000': 0 pak files mounted, 0 remain pending
[2019.03.04-04.49.21:040][  0]LogPakFile: Registered encryption key '00000000000000000000000000000000': 0 pak files mounted, 0 remain pending
[2019.03.04-04.49.21:070][  0]LogContentBrowser: Native class hierarchy updated for 'AddContentDialog' in 0.0004 seconds. Added 0 classes and 0 folders.
[2019.03.04-04.49.21:074][  0]LogContentBrowser: Native class hierarchy updated for 'SceneOutliner' in 0.0003 seconds. Added 1 classes and 2 folders.
[2019.03.04-04.49.21:091][  0]LogSlate: Took 0.000222 seconds to synchronously load lazily loaded font '../../../Engine/Content/Slate/Fonts/Roboto-Regular.ttf' (155K)
[2019.03.04-04.49.21:094][  0]LogSlate: Took 0.000181 seconds to synchronously load lazily loaded font '../../../Engine/Content/Slate/Fonts/Roboto-Bold.ttf' (160K)
[2019.03.04-04.49.21:101][  0]LogSlate: Took 0.000206 seconds to synchronously load lazily loaded font '../../../Engine/Content/Editor/Slate/Fonts/FontAwesome.ttf' (139K)
[2019.03.04-04.49.21:193][  0]LogRenderer: Reallocating scene render targets to support 1168x600 Format 10 NumSamples 1 (Frame:1).
[2019.03.04-04.49.21:339][  0]LogSlate: FSceneViewport::OnFocusLost() reason 2
[2019.03.04-04.49.21:355][  0]LogSlate: Window 'Tutorials' being destroyed
[2019.03.04-04.49.21:386][  0]LogContentBrowser: Native class hierarchy updated for 'HierarchicalLODOutliner' in 0.0003 seconds. Added 0 classes and 0 folders.
[2019.03.04-04.49.21:386][  0]LogLoad: (Engine Initialization) Total time: 10.28 seconds
[2019.03.04-04.49.21:386][  0]LogLoad: (Engine Initialization) Total Blueprint compile time: 0.00 seconds
[2019.03.04-04.49.21:441][  0]LogContentStreaming: Texture pool size now 1000 MB
[2019.03.04-04.49.21:473][  0]LogSlate: Took 0.000193 seconds to synchronously load lazily loaded font '../../../Engine/Content/Slate/Fonts/Roboto-Light.ttf' (167K)
[2019.03.04-04.49.21:660][  4]LogAssetRegistry: Asset discovery search completed in 6.2636 seconds
[2019.03.04-04.49.21:664][  4]LogCollectionManager: Rebuilt the object cache for 0 collections in 0.000001 seconds (found 0 objects)
[2019.03.04-04.49.21:664][  4]LogCollectionManager: Fixed up redirectors for 0 collections in 0.000062 seconds (updated 0 objects)
[2019.03.04-04.49.24:252][303]LogSlate: FSceneViewport::OnFocusLost() reason 2
[2019.03.04-04.49.27:042][620]LogSlate: FSceneViewport::OnFocusLost() reason 0
[2019.03.04-04.49.30:494][ 19]LogSlate: Took 0.000180 seconds to synchronously load lazily loaded font '../../../Engine/Content/Slate/Fonts/Roboto-Light.ttf' (167K)
[2019.03.04-04.49.31:525][ 19]LogMaterial: Display: Missing cached shader map for material flare_01_M, compiling. 
[2019.03.04-04.49.31:630][ 19]LogShaderCompilers: Display: Shaders left to compile 27
[2019.03.04-04.49.31:631][ 19]LogShaderCompilers: Display: Shaders left to compile 17
[2019.03.04-04.49.31:631][ 19]LogShaderCompilers: Display: Shaders left to compile 7
[2019.03.04-04.49.31:753][ 19]LogMaterial: Display: Missing cached shader map for material bulb_light_01_M, compiling. 
[2019.03.04-04.49.31:927][ 19]LogShaderCompilers: Display: Shaders left to compile 43
[2019.03.04-04.49.31:932][ 19]LogMaterial: Display: Missing cached shader map for material papers_01_M, compiling. 
[2019.03.04-04.49.32:037][ 19]LogMaterial: Display: Missing cached shader map for material M_base, compiling. 
[2019.03.04-04.49.32:387][ 19]LogMaterial: Display: Missing cached shader map for material wardrobe_01_M, compiling. 
[2019.03.04-04.49.32:426][ 19]LogMaterial: Display: Missing cached shader map for material shovel_01_M, compiling. 
[2019.03.04-04.49.32:467][ 19]LogMaterial: Display: Missing cached shader map for material radiostation_01_M, compiling. 
[2019.03.04-04.49.32:507][ 19]LogMaterial: Display: Missing cached shader map for material phone_01_M, compiling. 
[2019.03.04-04.49.32:704][ 19]LogMaterial: Display: Missing cached shader map for material MAT_Lockpick, compiling. 
[2019.03.04-04.49.32:990][ 19]LogAIModule: Creating AISystem for world Teaser
[2019.03.04-04.49.32:998][ 19]LogMaterial: Warning: Material /Game/Teaser/Materials/Glass.Glass needed to have new flag set bUsedWithStaticLighting !
[2019.03.04-04.49.33:014][ 19]LogMaterial: Display: Missing cached shader map for material Glass, compiling. 
[2019.03.04-04.49.33:051][ 19]MapCheck: Warning: Glass Material /Game/Teaser/Materials/Glass.Glass was missing the usage flag bUsedWithStaticLighting. If the material asset is not re-saved, it may not render correctly when run outside the editor. Fix
[2019.03.04-04.49.33:062][ 19]LogBlueprintUserMessages: [ThirdPerson_AnimBP_Custom_C_0] SpeenAnim 0.0
[2019.03.04-04.49.33:125][ 19]LogAssetEditorManager: Opening Asset editor for World /Game/ThirdPersonBP/Maps/Teaser.Teaser
[2019.03.04-04.49.33:159][ 19]Cmd: MAP LOAD FILE="../../../../../../GitHub/Prot_Sleep/Prototyping_sleep/Content/ThirdPersonBP/Maps/Teaser.umap" TEMPLATE=0 SHOWPROGRESS=1 FEATURELEVEL=3
[2019.03.04-04.49.33:160][ 19]LightingResults: New page: Lighting Build
[2019.03.04-04.49.33:161][ 19]LoadErrors: New page: Loading map: Teaser.umap
[2019.03.04-04.49.33:162][ 19]MapCheck: New page: Map Check
[2019.03.04-04.49.33:163][ 19]LightingResults: New page: Lighting Build
[2019.03.04-04.49.33:199][ 19]LogBlueprintUserMessages: [ThirdPerson_AnimBP_Custom_C_0] SpeenAnim 0.0
[2019.03.04-04.49.33:216][ 19]LogEditorServer: Finished looking for orphan Actors (0.000 secs)
[2019.03.04-04.49.33:306][ 19]Cmd: MAP CHECKDEP NOCLEARLOG
[2019.03.04-04.49.33:307][ 19]MapCheck: Map check complete: 0 Error(s), 0 Warning(s), took 0.194ms to complete.
[2019.03.04-04.49.33:307][ 19]LogFileHelpers: Loading map 'Teaser' took 0.150
[2019.03.04-04.49.34:545][ 81]LogShaderCompilers: Display: Shaders left to compile 664
[2019.03.04-04.49.36:283][192]LogShaderCompilers: Display: Shaders left to compile 654
[2019.03.04-04.49.36:399][200]LogShaderCompilers: Display: Shaders left to compile 644
[2019.03.04-04.49.39:416][397]LogSlate: FSceneViewport::OnFocusLost() reason 0
[2019.03.04-04.49.43:511][595]LogShaderCompilers: Display: Shaders left to compile 634
[2019.03.04-04.49.46:242][720]LogShaderCompilers: Display: Shaders left to compile 624
[2019.03.04-04.49.51:384][970]LogShaderCompilers: Display: Shaders left to compile 614
[2019.03.04-04.49.52:711][ 21]Cmd: DELETE
[2019.03.04-04.49.52:711][ 21]Cmd: ACTOR DELETE
[2019.03.04-04.49.52:718][ 21]LogSlate: FSceneViewport::OnFocusLost() reason 2
[2019.03.04-04.49.52:756][ 21]LogEditorActor: Deleted Actor: PointLight
[2019.03.04-04.49.52:782][ 21]LogEditorActor: Deleted 1 Actors (0.071 secs)
[2019.03.04-04.49.55:722][214]LogShaderCompilers: Display: Shaders left to compile 604
[2019.03.04-04.49.57:095][296]LogEditorViewport: Clicking on Actor (LMB): SpotLight (SpotLight2)
[2019.03.04-04.49.57:276][300]LogShaderCompilers: Display: Shaders left to compile 594
[2019.03.04-04.49.59:236][399]LogShaderCompilers: Display: Shaders left to compile 584
[2019.03.04-04.49.59:902][434]LogShaderCompilers: Display: Shaders left to compile 574
[2019.03.04-04.50.00:550][466]LogEditorViewport: Clicking on Actor (LMB): StaticMeshActor (BasementCeiling_1)
[2019.03.04-04.50.01:363][499]LogShaderCompilers: Display: Shaders left to compile 564
[2019.03.04-04.50.02:287][553]LogShaderCompilers: Display: Shaders left to compile 554
[2019.03.04-04.50.03:364][616]LogShaderCompilers: Display: Shaders left to compile 544
[2019.03.04-04.50.04:057][648]LogShaderCompilers: Display: Shaders left to compile 534
[2019.03.04-04.50.04:965][696]LogShaderCompilers: Display: Shaders left to compile 524
[2019.03.04-04.50.05:106][703]LogShaderCompilers: Display: Shaders left to compile 514
[2019.03.04-04.50.05:734][734]LogSlate: FSceneViewport::OnFocusLost() reason 0
[2019.03.04-04.50.06:516][776]LogShaderCompilers: Display: Shaders left to compile 504
[2019.03.04-04.50.07:203][819]LogShaderCompilers: Display: Shaders left to compile 494
[2019.03.04-04.50.08:440][898]LogShaderCompilers: Display: Shaders left to compile 484
[2019.03.04-04.50.08:766][918]LogShaderCompilers: Display: Shaders left to compile 474
[2019.03.04-04.50.08:782][919]LogShaderCompilers: Display: Shaders left to compile 464
[2019.03.04-04.50.10:918][ 46]LogShaderCompilers: Display: Shaders left to compile 454
[2019.03.04-04.50.11:009][ 52]LogShaderCompilers: Display: Shaders left to compile 444
[2019.03.04-04.50.11:093][ 57]LogShaderCompilers: Display: Shaders left to compile 434
[2019.03.04-04.50.11:648][ 92]LogShaderCompilers: Display: Shaders left to compile 424
[2019.03.04-04.50.12:786][151]LogShaderCompilers: Display: Shaders left to compile 414
[2019.03.04-04.50.14:513][239]LogShaderCompilers: Display: Shaders left to compile 404
[2019.03.04-04.50.15:113][270]LogShaderCompilers: Display: Shaders left to compile 394
[2019.03.04-04.50.15:148][272]LogShaderCompilers: Display: Shaders left to compile 384
[2019.03.04-04.50.15:255][278]LogShaderCompilers: Display: Shaders left to compile 374
[2019.03.04-04.50.16:570][345]LogEditorViewport: Clicking on Actor (LMB): StaticMeshActor (BasementWall_3)
[2019.03.04-04.50.17:167][375]LogShaderCompilers: Display: Shaders left to compile 364
[2019.03.04-04.50.18:778][486]LogShaderCompilers: Display: Shaders left to compile 354
[2019.03.04-04.50.19:450][533]LogShaderCompilers: Display: Shaders left to compile 344
[2019.03.04-04.50.19:693][550]LogShaderCompilers: Display: Shaders left to compile 334
[2019.03.04-04.50.19:959][568]LogShaderCompilers: Display: Shaders left to compile 324
[2019.03.04-04.50.21:562][681]LogShaderCompilers: Display: Shaders left to compile 314
[2019.03.04-04.50.22:277][729]LogShaderCompilers: Display: Shaders left to compile 304
[2019.03.04-04.50.23:534][815]LogShaderCompilers: Display: Shaders left to compile 294
[2019.03.04-04.50.24:170][859]LogShaderCompilers: Display: Shaders left to compile 284
[2019.03.04-04.50.24:432][873]LogShaderCompilers: Display: Shaders left to compile 274
[2019.03.04-04.50.25:244][913]LogShaderCompilers: Display: Shaders left to compile 264
[2019.03.04-04.50.26:125][970]LogSlate: FSceneViewport::OnFocusLost() reason 0
[2019.03.04-04.50.26:445][979]LogShaderCompilers: Display: Shaders left to compile 254
[2019.03.04-04.50.27:569][ 22]LogShaderCompilers: Display: Shaders left to compile 244
[2019.03.04-04.50.27:673][ 27]LogShaderCompilers: Display: Shaders left to compile 234
[2019.03.04-04.50.28:745][ 74]LogShaderCompilers: Display: Shaders left to compile 224
[2019.03.04-04.50.30:299][130]LogShaderCompilers: Display: Shaders left to compile 214
[2019.03.04-04.50.31:233][169]LogShaderCompilers: Display: Shaders left to compile 204
[2019.03.04-04.50.31:492][180]LogShaderCompilers: Display: Shaders left to compile 194
[2019.03.04-04.50.31:758][191]LogShaderCompilers: Display: Shaders left to compile 184
[2019.03.04-04.50.33:365][279]LogAssetEditorManager: Opening Asset editor for LevelSequence /Game/Teaser/TeaserCin/Master.Master
[2019.03.04-04.50.34:147][290]LogShaderCompilers: Display: Shaders left to compile 174
[2019.03.04-04.50.34:337][298]LogShaderCompilers: Display: Shaders left to compile 164
[2019.03.04-04.50.35:371][299]LogShaderCompilers: Display: Shaders left to compile 154
[2019.03.04-04.50.35:473][304]LogShaderCompilers: Display: Shaders left to compile 144
[2019.03.04-04.50.36:650][352]LogShaderCompilers: Display: Shaders left to compile 134
[2019.03.04-04.50.37:442][386]LogShaderCompilers: Display: Shaders left to compile 124
[2019.03.04-04.50.38:620][454]LogShaderCompilers: Display: Shaders left to compile 114
[2019.03.04-04.50.38:620][454]LogShaderCompilers: Display: Shaders left to compile 104
[2019.03.04-04.50.38:875][468]LogShaderCompilers: Display: Shaders left to compile 94
[2019.03.04-04.50.39:616][509]LogShaderCompilers: Display: Shaders left to compile 84
[2019.03.04-04.50.39:616][509]LogSlate: Updating window title bar state: overlay mode, drag disabled, window buttons hidden, title bar hidden
[2019.03.04-04.50.39:621][509]LogSlate: Updating window title bar state: overlay mode, drag disabled, window buttons hidden, title bar hidden
[2019.03.04-04.50.39:707][509]LogSlate: Took 0.009374 seconds to synchronously load lazily loaded font '../../../Engine/Content/Slate/Fonts/DroidSansMono.ttf' (77K)
[2019.03.04-04.50.40:617][535]LogShaderCompilers: Display: Shaders left to compile 74
[2019.03.04-04.50.41:856][579]LogShaderCompilers: Display: Shaders left to compile 64
[2019.03.04-04.50.42:849][616]LogShaderCompilers: Display: Shaders left to compile 54
[2019.03.04-04.50.43:752][621]LogShaderCompilers: Display: Shaders left to compile 44
[2019.03.04-04.50.43:752][621]LogShaderCompilers: Display: Shaders left to compile 34
[2019.03.04-04.50.45:505][685]LogShaderCompilers: Display: Shaders left to compile 24
[2019.03.04-04.50.46:020][706]LogShaderCompilers: Display: Shaders left to compile 14
[2019.03.04-04.50.46:877][738]LogShaderCompilers: Display: Shaders left to compile 4
[2019.03.04-04.50.47:160][749]LogSlate: FSceneViewport::OnFocusLost() reason 2
[2019.03.04-04.50.52:327][988]LogEditorViewport: Clicking on Actor (LMB): CineCameraActor (CineCameraActor1)
[2019.03.04-04.50.55:187][131]LogSlate: Took 0.008951 seconds to synchronously load lazily loaded font '../../../Engine/Content/Slate/Fonts/Roboto-Italic.ttf' (157K)
[2019.03.04-04.50.55:731][160]LogSlate: FSceneViewport::OnFocusLost() reason 0
[2019.03.04-04.51.31:849][620]LogSlate: FSceneViewport::OnFocusLost() reason 2
[2019.03.04-04.52.00:703][148]LogSlate: FSceneViewport::OnFocusLost() reason 0
[2019.03.04-04.52.06:488][173]LogSlate: FSceneViewport::OnFocusLost() reason 2
[2019.03.04-04.52.08:337][327]LogSlate: FSceneViewport::OnFocusLost() reason 0
[2019.03.04-04.52.08:404][334]LogSlate: Window 'Message Log' being destroyed
[2019.03.04-04.52.08:408][334]LogSlate: Window 'Message Log' being destroyed
[2019.03.04-04.52.11:597][619]LogSlate: FSceneViewport::OnFocusLost() reason 0
[2019.03.04-04.52.14:042][806]LogSlate: FSceneViewport::OnFocusLost() reason 0
[2019.03.04-04.52.14:432][813]LogSavePackage: Moving '../../../../../../GitHub/Prot_Sleep/Prototyping_sleep/Saved/Teaser40B1B9F1413AD70613322AB01F8C9CD7.tmp' to '../../../../../../GitHub/Prot_Sleep/Prototyping_sleep/Content/ThirdPersonBP/Maps/Teaser.umap'
[2019.03.04-04.52.14:498][813]Cmd: OBJ SAVEPACKAGE PACKAGE="/Game/ThirdPersonBP/Maps/Teaser_BuiltData" FILE="../../../../../../GitHub/Prot_Sleep/Prototyping_sleep/Content/ThirdPersonBP/Maps/Teaser_BuiltData.uasset" SILENT=true
[2019.03.04-04.52.14:736][813]LogSavePackage: Moving '../../../../../../GitHub/Prot_Sleep/Prototyping_sleep/Saved/Teaser_BuiltData2261D5A3482A22EDEC0BBFB6429FF633.tmp' to '../../../../../../GitHub/Prot_Sleep/Prototyping_sleep/Content/ThirdPersonBP/Maps/Teaser_BuiltData.uasset'
